time="2025/07/17 - 19:41:45" level=debug msg="Logger initialized with TextFormatter."
time="2025/07/17 - 19:41:46" level=info msg="Conflicting values for 'process.env.NODE_ENV'"
time="2025/07/17 - 19:41:46" level=info
time="2025/07/17 - 19:41:46" level=info msg="  App running at:"
time="2025/07/17 - 19:41:46" level=info msg="  - Local:   http://127.0.0.1:8000"
time="2025/07/17 - 19:41:46" level=info msg="  - Network: http://127.0.0.1:8000"
time="2025/07/17 - 19:41:46" level=info
time="2025/07/17 - 19:41:46" level=info msg="  请注意，开发版本尚未优化"
time="2025/07/17 - 19:41:46" level=info msg="  要创建生产环境构建，请运行 go run main.go"
time="2025/07/17 - 19:41:46" level=info
time="2025/07/17 - 19:41:46" level=info msg="API文档地址: http://127.0.0.1:8000/swagger/index.html"
time="2025/07/17 - 19:41:55" level=info msg="Shutdown Server ..."
time="2025/07/17 - 19:41:55" level=info msg="Server exiting"
time="2025/07/17 - 19:54:21" level=debug msg="Logger initialized with TextFormatter."
time="2025/07/17 - 19:54:21" level=info msg="Conflicting values for 'process.env.NODE_ENV'"
time="2025/07/17 - 19:54:21" level=info
time="2025/07/17 - 19:54:21" level=info msg="  App running at:"
time="2025/07/17 - 19:54:21" level=info msg="  - Local:   http://127.0.0.1:8000"
time="2025/07/17 - 19:54:21" level=info msg="  - Network: http://127.0.0.1:8000"
time="2025/07/17 - 19:54:21" level=info
time="2025/07/17 - 19:54:21" level=info msg="  请注意，开发版本尚未优化"
time="2025/07/17 - 19:54:21" level=info msg="  要创建生产环境构建，请运行 go run main.go"
time="2025/07/17 - 19:54:21" level=info
time="2025/07/17 - 19:54:21" level=info msg="API文档地址: http://127.0.0.1:8000/swagger/index.html"
time="2025/07/18 - 11:35:37" level=debug msg="Logger initialized with TextFormatter."
time="2025/07/18 - 11:35:37" level=info msg="Conflicting values for 'process.env.NODE_ENV'"
time="2025/07/18 - 11:35:37" level=info
time="2025/07/18 - 11:35:37" level=info msg="  App running at:"
time="2025/07/18 - 11:35:37" level=info msg="  - Local:   http://127.0.0.1:8000"
time="2025/07/18 - 11:35:37" level=info msg="  - Network: http://127.0.0.1:8000"
time="2025/07/18 - 11:35:37" level=info
time="2025/07/18 - 11:35:37" level=info msg="  请注意，开发版本尚未优化"
time="2025/07/18 - 11:35:37" level=info msg="  要创建生产环境构建，请运行 go run main.go"
time="2025/07/18 - 11:35:37" level=info
time="2025/07/18 - 11:35:37" level=info msg="API文档地址: http://127.0.0.1:8000/swagger/index.html"
time="2025/07/18 - 11:42:14" level=info msg="Shutdown Server ..."
time="2025/07/18 - 11:42:14" level=info msg="Server exiting"
time="2025/07/18 - 11:43:26" level=debug msg="Logger initialized with TextFormatter."
time="2025/07/18 - 11:43:26" level=info msg="Conflicting values for 'process.env.NODE_ENV'"
time="2025/07/18 - 11:43:26" level=info
time="2025/07/18 - 11:43:26" level=info msg="  App running at:"
time="2025/07/18 - 11:43:26" level=info msg="  - Local:   http://127.0.0.1:8000"
time="2025/07/18 - 11:43:26" level=info msg="  - Network: http://127.0.0.1:8000"
time="2025/07/18 - 11:43:26" level=info
time="2025/07/18 - 11:43:26" level=info msg="  请注意，开发版本尚未优化"
time="2025/07/18 - 11:43:26" level=info msg="  要创建生产环境构建，请运行 go run main.go"
time="2025/07/18 - 11:43:26" level=info
time="2025/07/18 - 11:43:26" level=info msg="API文档地址: http://127.0.0.1:8000/swagger/index.html"
time="2025/07/18 - 11:47:48" level=info msg="Shutdown Server ..."
time="2025/07/18 - 11:47:48" level=info msg="Server exiting"
time="2025/07/18 - 11:48:01" level=debug msg="Logger initialized with TextFormatter."
time="2025/07/18 - 11:48:01" level=info msg="Conflicting values for 'process.env.NODE_ENV'"
time="2025/07/18 - 11:48:01" level=info
time="2025/07/18 - 11:48:01" level=info msg="  App running at:"
time="2025/07/18 - 11:48:01" level=info msg="  - Local:   http://127.0.0.1:8000"
time="2025/07/18 - 11:48:01" level=info msg="  - Network: http://127.0.0.1:8000"
time="2025/07/18 - 11:48:01" level=info
time="2025/07/18 - 11:48:01" level=info msg="  请注意，开发版本尚未优化"
time="2025/07/18 - 11:48:01" level=info msg="  要创建生产环境构建，请运行 go run main.go"
time="2025/07/18 - 11:48:01" level=info
time="2025/07/18 - 11:48:01" level=info msg="API文档地址: http://127.0.0.1:8000/swagger/index.html"
time="2025/07/18 - 11:48:41" level=info msg="Shutdown Server ..."
time="2025/07/18 - 11:48:41" level=info msg="Server exiting"
time="2025/07/18 - 13:58:24" level=debug msg="Logger initialized with TextFormatter."
time="2025/07/18 - 13:58:26" level=info msg="Conflicting values for 'process.env.NODE_ENV'"
time="2025/07/18 - 13:58:26" level=info
time="2025/07/18 - 13:58:26" level=info msg="  App running at:"
time="2025/07/18 - 13:58:26" level=info msg="  - Local:   http://127.0.0.1:8000"
time="2025/07/18 - 13:58:26" level=info msg="  - Network: http://127.0.0.1:8000"
time="2025/07/18 - 13:58:26" level=info
time="2025/07/18 - 13:58:26" level=info msg="  请注意，开发版本尚未优化"
time="2025/07/18 - 13:58:26" level=info msg="  要创建生产环境构建，请运行 go run main.go"
time="2025/07/18 - 13:58:26" level=info
time="2025/07/18 - 13:58:26" level=info msg="API文档地址: http://127.0.0.1:8000/swagger/index.html"
time="2025/07/18 - 13:59:10" level=info msg="Shutdown Server ..."
time="2025/07/18 - 13:59:10" level=info msg="Server exiting"
time="2025/07/18 - 15:49:42" level=debug msg="Logger initialized with TextFormatter."
time="2025/07/18 - 15:49:43" level=info msg="Conflicting values for 'process.env.NODE_ENV'"
time="2025/07/18 - 15:49:43" level=info
time="2025/07/18 - 15:49:43" level=info msg="  App running at:"
time="2025/07/18 - 15:49:43" level=info msg="  - Local:   http://127.0.0.1:8000"
time="2025/07/18 - 15:49:43" level=info msg="  - Network: http://127.0.0.1:8000"
time="2025/07/18 - 15:49:43" level=info
time="2025/07/18 - 15:49:43" level=info msg="  请注意，开发版本尚未优化"
time="2025/07/18 - 15:49:43" level=info msg="  要创建生产环境构建，请运行 go run main.go"
time="2025/07/18 - 15:49:43" level=info
time="2025/07/18 - 15:49:43" level=info msg="API文档地址: http://127.0.0.1:8000/swagger/index.html"
time="2025/07/18 - 16:00:52" level=info msg="Shutdown Server ..."
time="2025/07/18 - 16:00:52" level=info msg="Server exiting"
time="2025/07/18 - 16:00:56" level=debug msg="Logger initialized with TextFormatter."
time="2025/07/18 - 16:00:58" level=info msg="Conflicting values for 'process.env.NODE_ENV'"
time="2025/07/18 - 16:00:58" level=info
time="2025/07/18 - 16:00:58" level=info msg="  App running at:"
time="2025/07/18 - 16:00:58" level=info msg="  - Local:   http://127.0.0.1:8000"
time="2025/07/18 - 16:00:58" level=info msg="  - Network: http://127.0.0.1:8000"
time="2025/07/18 - 16:00:58" level=info
time="2025/07/18 - 16:00:58" level=info msg="  请注意，开发版本尚未优化"
time="2025/07/18 - 16:00:58" level=info msg="  要创建生产环境构建，请运行 go run main.go"
time="2025/07/18 - 16:00:58" level=info
time="2025/07/18 - 16:00:58" level=info msg="API文档地址: http://127.0.0.1:8000/swagger/index.html"
time="2025/07/18 - 16:03:20" level=info msg="Shutdown Server ..."
time="2025/07/18 - 16:03:20" level=info msg="Server exiting"
time="2025/07/18 - 16:03:41" level=debug msg="Logger initialized with TextFormatter."
time="2025/07/18 - 16:03:42" level=info msg="Conflicting values for 'process.env.NODE_ENV'"
time="2025/07/18 - 16:03:42" level=info
time="2025/07/18 - 16:03:42" level=info msg="  App running at:"
time="2025/07/18 - 16:03:42" level=info msg="  - Local:   http://127.0.0.1:8000"
time="2025/07/18 - 16:03:42" level=info msg="  - Network: http://127.0.0.1:8000"
time="2025/07/18 - 16:03:42" level=info
time="2025/07/18 - 16:03:42" level=info msg="  请注意，开发版本尚未优化"
time="2025/07/18 - 16:03:42" level=info msg="  要创建生产环境构建，请运行 go run main.go"
time="2025/07/18 - 16:03:42" level=info
time="2025/07/18 - 16:03:42" level=info msg="API文档地址: http://127.0.0.1:8000/swagger/index.html"
time="2025/07/18 - 16:03:54" level=info msg="Shutdown Server ..."
time="2025/07/18 - 16:03:54" level=info msg="Server exiting"
time="2025/07/18 - 16:04:38" level=debug msg="Logger initialized with TextFormatter."
time="2025/07/18 - 16:04:39" level=info msg="Conflicting values for 'process.env.NODE_ENV'"
time="2025/07/18 - 16:04:39" level=info
time="2025/07/18 - 16:04:39" level=info msg="  App running at:"
time="2025/07/18 - 16:04:39" level=info msg="  - Local:   http://127.0.0.1:8000"
time="2025/07/18 - 16:04:39" level=info msg="  - Network: http://127.0.0.1:8000"
time="2025/07/18 - 16:04:39" level=info
time="2025/07/18 - 16:04:39" level=info msg="  请注意，开发版本尚未优化"
time="2025/07/18 - 16:04:39" level=info msg="  要创建生产环境构建，请运行 go run main.go"
time="2025/07/18 - 16:04:39" level=info
time="2025/07/18 - 16:04:39" level=info msg="API文档地址: http://127.0.0.1:8000/swagger/index.html"
time="2025/07/18 - 16:06:00" level=info msg="Shutdown Server ..."
time="2025/07/18 - 16:06:00" level=info msg="Server exiting"
time="2025/07/18 - 16:07:05" level=debug msg="Logger initialized with TextFormatter."
time="2025/07/18 - 16:07:06" level=info msg="Conflicting values for 'process.env.NODE_ENV'"
time="2025/07/18 - 16:07:06" level=info
time="2025/07/18 - 16:07:06" level=info msg="  App running at:"
time="2025/07/18 - 16:07:06" level=info msg="  - Local:   http://127.0.0.1:8000"
time="2025/07/18 - 16:07:06" level=info msg="  - Network: http://127.0.0.1:8000"
time="2025/07/18 - 16:07:06" level=info
time="2025/07/18 - 16:07:06" level=info msg="  请注意，开发版本尚未优化"
time="2025/07/18 - 16:07:06" level=info msg="  要创建生产环境构建，请运行 go run main.go"
time="2025/07/18 - 16:07:06" level=info
time="2025/07/18 - 16:07:06" level=info msg="API文档地址: http://127.0.0.1:8000/swagger/index.html"
time="2025/07/18 - 16:07:11" level=info msg="get ClusterName: aliyun"
time="2025/07/18 - 16:11:08" level=info msg="Shutdown Server ..."
time="2025/07/18 - 16:11:08" level=info msg="Server exiting"
time="2025/07/18 - 16:11:14" level=debug msg="Logger initialized with TextFormatter."
time="2025/07/18 - 16:11:15" level=info msg="Conflicting values for 'process.env.NODE_ENV'"
time="2025/07/18 - 16:11:15" level=info
time="2025/07/18 - 16:11:15" level=info msg="  App running at:"
time="2025/07/18 - 16:11:15" level=info msg="  - Local:   http://127.0.0.1:8000"
time="2025/07/18 - 16:11:15" level=info msg="  - Network: http://127.0.0.1:8000"
time="2025/07/18 - 16:11:15" level=info
time="2025/07/18 - 16:11:15" level=info msg="  请注意，开发版本尚未优化"
time="2025/07/18 - 16:11:15" level=info msg="  要创建生产环境构建，请运行 go run main.go"
time="2025/07/18 - 16:11:15" level=info
time="2025/07/18 - 16:11:15" level=info msg="API文档地址: http://127.0.0.1:8000/swagger/index.html"
time="2025/07/18 - 16:11:20" level=info msg="get ClusterName: aliyun"
time="2025/07/18 - 16:14:45" level=info msg="Shutdown Server ..."
time="2025/07/18 - 16:14:45" level=info msg="Server exiting"
time="2025/07/18 - 16:14:54" level=debug msg="Logger initialized with TextFormatter."
time="2025/07/18 - 16:14:56" level=info msg="Conflicting values for 'process.env.NODE_ENV'"
time="2025/07/18 - 16:14:56" level=info
time="2025/07/18 - 16:14:56" level=info msg="  App running at:"
time="2025/07/18 - 16:14:56" level=info msg="  - Local:   http://127.0.0.1:8000"
time="2025/07/18 - 16:14:56" level=info msg="  - Network: http://127.0.0.1:8000"
time="2025/07/18 - 16:14:56" level=info
time="2025/07/18 - 16:14:56" level=info msg="  请注意，开发版本尚未优化"
time="2025/07/18 - 16:14:56" level=info msg="  要创建生产环境构建，请运行 go run main.go"
time="2025/07/18 - 16:14:56" level=info
time="2025/07/18 - 16:14:56" level=info msg="API文档地址: http://127.0.0.1:8000/swagger/index.html"
time="2025/07/18 - 16:15:13" level=info msg="get ClusterName: aliyun"
time="2025/07/18 - 16:15:21" level=info msg="get ClusterName: aliyun-prod"
time="2025/07/18 - 16:15:30" level=info msg="get ClusterName: "
time="2025/07/18 - 16:16:35" level=info msg="Shutdown Server ..."
time="2025/07/18 - 16:16:35" level=info msg="Server exiting"
time="2025/07/18 - 16:16:40" level=debug msg="Logger initialized with TextFormatter."
time="2025/07/18 - 16:16:41" level=info msg="Conflicting values for 'process.env.NODE_ENV'"
time="2025/07/18 - 16:16:41" level=info
time="2025/07/18 - 16:16:41" level=info msg="  App running at:"
time="2025/07/18 - 16:16:41" level=info msg="  - Local:   http://127.0.0.1:8000"
time="2025/07/18 - 16:16:41" level=info msg="  - Network: http://127.0.0.1:8000"
time="2025/07/18 - 16:16:41" level=info
time="2025/07/18 - 16:16:41" level=info msg="  请注意，开发版本尚未优化"
time="2025/07/18 - 16:16:41" level=info msg="  要创建生产环境构建，请运行 go run main.go"
time="2025/07/18 - 16:16:41" level=info
time="2025/07/18 - 16:16:41" level=info msg="API文档地址: http://127.0.0.1:8000/swagger/index.html"
time="2025/07/18 - 16:23:01" level=info msg="Shutdown Server ..."
time="2025/07/18 - 16:23:01" level=info msg="Server exiting"
time="2025/07/18 - 16:23:46" level=debug msg="Logger initialized with TextFormatter."
time="2025/07/18 - 16:23:48" level=info msg="Conflicting values for 'process.env.NODE_ENV'"
time="2025/07/18 - 16:23:48" level=info
time="2025/07/18 - 16:23:48" level=info msg="  App running at:"
time="2025/07/18 - 16:23:48" level=info msg="  - Local:   http://127.0.0.1:8000"
time="2025/07/18 - 16:23:48" level=info msg="  - Network: http://127.0.0.1:8000"
time="2025/07/18 - 16:23:48" level=info
time="2025/07/18 - 16:23:48" level=info msg="  请注意，开发版本尚未优化"
time="2025/07/18 - 16:23:48" level=info msg="  要创建生产环境构建，请运行 go run main.go"
time="2025/07/18 - 16:23:48" level=info
time="2025/07/18 - 16:23:48" level=info msg="API文档地址: http://127.0.0.1:8000/swagger/index.html"
time="2025/07/18 - 16:24:12" level=info msg="get ClusterName: aliyun-prod"
time="2025/07/18 - 16:24:17" level=info msg="get ClusterName: aliyun-pr"
time="2025/07/18 - 16:26:12" level=info msg="Shutdown Server ..."
time="2025/07/18 - 16:26:12" level=info msg="Server exiting"
time="2025/07/18 - 17:01:06" level=debug msg="Logger initialized with TextFormatter."
time="2025/07/18 - 17:01:07" level=info msg="Conflicting values for 'process.env.NODE_ENV'"
time="2025/07/18 - 17:01:07" level=info
time="2025/07/18 - 17:01:07" level=info msg="  App running at:"
time="2025/07/18 - 17:01:07" level=info msg="  - Local:   http://127.0.0.1:8000"
time="2025/07/18 - 17:01:07" level=info msg="  - Network: http://127.0.0.1:8000"
time="2025/07/18 - 17:01:07" level=info
time="2025/07/18 - 17:01:07" level=info msg="  请注意，开发版本尚未优化"
time="2025/07/18 - 17:01:07" level=info msg="  要创建生产环境构建，请运行 go run main.go"
time="2025/07/18 - 17:01:07" level=info
time="2025/07/18 - 17:01:07" level=info msg="API文档地址: http://127.0.0.1:8000/swagger/index.html"
time="2025/07/18 - 17:01:13" level=info msg="get ClusterName: aliyun-pr"
time="2025/07/18 - 17:01:18" level=info msg="get ClusterName: aliyun-prod"
time="2025/07/18 - 17:13:01" level=info msg="get ClusterName: aliyun-prod"
time="2025/07/18 - 17:14:28" level=info msg="get ClusterName: aliyun-prod"
time="2025/07/18 - 17:17:58" level=info msg="Shutdown Server ..."
time="2025/07/18 - 17:17:58" level=info msg="Server exiting"
time="2025/07/18 - 17:18:09" level=debug msg="Logger initialized with TextFormatter."
time="2025/07/18 - 17:18:11" level=info msg="Conflicting values for 'process.env.NODE_ENV'"
time="2025/07/18 - 17:18:11" level=info
time="2025/07/18 - 17:18:11" level=info msg="  App running at:"
time="2025/07/18 - 17:18:11" level=info msg="  - Local:   http://127.0.0.1:8000"
time="2025/07/18 - 17:18:11" level=info msg="  - Network: http://127.0.0.1:8000"
time="2025/07/18 - 17:18:11" level=info
time="2025/07/18 - 17:18:11" level=info msg="  请注意，开发版本尚未优化"
time="2025/07/18 - 17:18:11" level=info msg="  要创建生产环境构建，请运行 go run main.go"
time="2025/07/18 - 17:18:11" level=info
time="2025/07/18 - 17:18:11" level=info msg="API文档地址: http://127.0.0.1:8000/swagger/index.html"
time="2025/07/18 - 17:18:34" level=info msg="get ClusterName: aliyun-prod"
time="2025/07/18 - 17:19:08" level=info msg="Shutdown Server ..."
time="2025/07/18 - 17:19:08" level=info msg="Server exiting"
time="2025/07/18 - 18:23:54" level=debug msg="Logger initialized with TextFormatter."
time="2025/07/18 - 18:23:55" level=info msg="Conflicting values for 'process.env.NODE_ENV'"
time="2025/07/18 - 18:23:55" level=info
time="2025/07/18 - 18:23:55" level=info msg="  App running at:"
time="2025/07/18 - 18:23:55" level=info msg="  - Local:   http://127.0.0.1:8000"
time="2025/07/18 - 18:23:55" level=info msg="  - Network: http://127.0.0.1:8000"
time="2025/07/18 - 18:23:55" level=info
time="2025/07/18 - 18:23:55" level=info msg="  请注意，开发版本尚未优化"
time="2025/07/18 - 18:23:55" level=info msg="  要创建生产环境构建，请运行 go run main.go"
time="2025/07/18 - 18:23:55" level=info
time="2025/07/18 - 18:23:55" level=info msg="API文档地址: http://127.0.0.1:8000/swagger/index.html"
time="2025/07/18 - 18:25:12" level=info msg="get ClusterName: aliyun-prod"
time="2025/07/18 - 18:31:40" level=info msg="Shutdown Server ..."
time="2025/07/18 - 18:31:40" level=info msg="Server exiting"
time="2025/07/21 - 15:54:45" level=debug msg="Logger initialized with TextFormatter."
time="2025/07/21 - 15:54:47" level=info msg="Conflicting values for 'process.env.NODE_ENV'"
time="2025/07/21 - 15:54:47" level=info
time="2025/07/21 - 15:54:47" level=info msg="  App running at:"
time="2025/07/21 - 15:54:47" level=info msg="  - Local:   http://127.0.0.1:8000"
time="2025/07/21 - 15:54:47" level=info msg="  - Network: http://127.0.0.1:8000"
time="2025/07/21 - 15:54:47" level=info
time="2025/07/21 - 15:54:47" level=info msg="  请注意，开发版本尚未优化"
time="2025/07/21 - 15:54:47" level=info msg="  要创建生产环境构建，请运行 go run main.go"
time="2025/07/21 - 15:54:47" level=info
time="2025/07/21 - 15:54:47" level=info msg="API文档地址: http://127.0.0.1:8000/swagger/index.html"
time="2025/07/21 - 15:57:49" level=info msg="get ClusterName: aliyun-prod"
time="2025/07/21 - 15:59:25" level=info msg="get ClusterName: aliyun-prod"
time="2025/07/21 - 16:01:01" level=info msg="get ClusterName: aliyun-prod"
time="2025/07/21 - 16:19:54" level=info msg="Shutdown Server ..."
time="2025/07/21 - 16:19:54" level=info msg="Server exiting"
time="2025/07/21 - 16:20:14" level=debug msg="Logger initialized with TextFormatter."
time="2025/07/21 - 16:20:15" level=info msg="Conflicting values for 'process.env.NODE_ENV'"
time="2025/07/21 - 16:20:15" level=info
time="2025/07/21 - 16:20:15" level=info msg="  App running at:"
time="2025/07/21 - 16:20:15" level=info msg="  - Local:   http://127.0.0.1:8000"
time="2025/07/21 - 16:20:15" level=info msg="  - Network: http://127.0.0.1:8000"
time="2025/07/21 - 16:20:15" level=info
time="2025/07/21 - 16:20:15" level=info msg="  请注意，开发版本尚未优化"
time="2025/07/21 - 16:20:15" level=info msg="  要创建生产环境构建，请运行 go run main.go"
time="2025/07/21 - 16:20:15" level=info
time="2025/07/21 - 16:20:15" level=info msg="API文档地址: http://127.0.0.1:8000/swagger/index.html"
time="2025/07/21 - 16:20:32" level=info msg="get ClusterName: aliyun-prod"
time="2025/07/21 - 16:23:01" level=info msg="get ClusterName: aliyun-prod"
time="2025/07/21 - 16:30:39" level=info msg="Shutdown Server ..."
time="2025/07/21 - 16:30:39" level=info msg="Server exiting"
time="2025/07/21 - 16:30:47" level=debug msg="Logger initialized with TextFormatter."
time="2025/07/21 - 16:30:48" level=info msg="Conflicting values for 'process.env.NODE_ENV'"
time="2025/07/21 - 16:30:48" level=info
time="2025/07/21 - 16:30:48" level=info msg="  App running at:"
time="2025/07/21 - 16:30:48" level=info msg="  - Local:   http://127.0.0.1:8000"
time="2025/07/21 - 16:30:48" level=info msg="  - Network: http://127.0.0.1:8000"
time="2025/07/21 - 16:30:48" level=info
time="2025/07/21 - 16:30:48" level=info msg="  请注意，开发版本尚未优化"
time="2025/07/21 - 16:30:48" level=info msg="  要创建生产环境构建，请运行 go run main.go"
time="2025/07/21 - 16:30:48" level=info
time="2025/07/21 - 16:30:48" level=info msg="API文档地址: http://127.0.0.1:8000/swagger/index.html"
time="2025/07/21 - 16:31:15" level=info msg="get ClusterName: aliyun-prod"
time="2025/07/21 - 16:31:29" level=info msg="get ClusterName: aliyun-prod"
time="2025/07/21 - 16:51:12" level=info msg="Shutdown Server ..."
time="2025/07/21 - 16:51:12" level=info msg="Server exiting"
time="2025/07/21 - 16:51:38" level=debug msg="Logger initialized with TextFormatter."
time="2025/07/21 - 16:51:39" level=info msg="Conflicting values for 'process.env.NODE_ENV'"
time="2025/07/21 - 16:51:39" level=info
time="2025/07/21 - 16:51:39" level=info msg="  App running at:"
time="2025/07/21 - 16:51:39" level=info msg="  - Local:   http://127.0.0.1:8000"
time="2025/07/21 - 16:51:39" level=info msg="  - Network: http://127.0.0.1:8000"
time="2025/07/21 - 16:51:39" level=info
time="2025/07/21 - 16:51:39" level=info msg="  请注意，开发版本尚未优化"
time="2025/07/21 - 16:51:39" level=info msg="  要创建生产环境构建，请运行 go run main.go"
time="2025/07/21 - 16:51:39" level=info
time="2025/07/21 - 16:51:39" level=info msg="API文档地址: http://127.0.0.1:8000/swagger/index.html"
time="2025/07/21 - 16:51:45" level=info msg="get ClusterName: aliyun-prod"
time="2025/07/21 - 16:51:59" level=info msg="get ClusterName: aliyun-prod"
time="2025/07/21 - 16:52:05" level=info msg="get ClusterName: aliyun-prod"
time="2025/07/21 - 16:52:24" level=info msg="get ClusterName: aliyun-prod"
time="2025/07/21 - 16:53:18" level=info msg="get ClusterName: aliyun-prod"
time="2025/07/21 - 16:53:49" level=info msg="Shutdown Server ..."
time="2025/07/21 - 16:53:49" level=info msg="Server exiting"
time="2025/07/21 - 16:58:35" level=debug msg="Logger initialized with TextFormatter."
time="2025/07/21 - 16:58:37" level=info msg="Conflicting values for 'process.env.NODE_ENV'"
time="2025/07/21 - 16:58:37" level=info
time="2025/07/21 - 16:58:37" level=info msg="  App running at:"
time="2025/07/21 - 16:58:37" level=info msg="  - Local:   http://127.0.0.1:8000"
time="2025/07/21 - 16:58:37" level=info msg="  - Network: http://127.0.0.1:8000"
time="2025/07/21 - 16:58:37" level=info
time="2025/07/21 - 16:58:37" level=info msg="  请注意，开发版本尚未优化"
time="2025/07/21 - 16:58:37" level=info msg="  要创建生产环境构建，请运行 go run main.go"
time="2025/07/21 - 16:58:37" level=info
time="2025/07/21 - 16:58:37" level=info msg="API文档地址: http://127.0.0.1:8000/swagger/index.html"
time="2025/07/21 - 16:58:59" level=info msg="get ClusterName: aliyun-prod"
time="2025/07/21 - 17:00:16" level=info msg="get ClusterName: aliyun-prod"
time="2025/07/21 - 17:01:44" level=info msg="Shutdown Server ..."
time="2025/07/21 - 17:01:44" level=info msg="Server exiting"
time="2025/07/21 - 17:01:57" level=debug msg="Logger initialized with TextFormatter."
time="2025/07/21 - 17:01:59" level=info msg="Conflicting values for 'process.env.NODE_ENV'"
time="2025/07/21 - 17:01:59" level=info
time="2025/07/21 - 17:01:59" level=info msg="  App running at:"
time="2025/07/21 - 17:01:59" level=info msg="  - Local:   http://127.0.0.1:8000"
time="2025/07/21 - 17:01:59" level=info msg="  - Network: http://127.0.0.1:8000"
time="2025/07/21 - 17:01:59" level=info
time="2025/07/21 - 17:01:59" level=info msg="  请注意，开发版本尚未优化"
time="2025/07/21 - 17:01:59" level=info msg="  要创建生产环境构建，请运行 go run main.go"
time="2025/07/21 - 17:01:59" level=info
time="2025/07/21 - 17:01:59" level=info msg="API文档地址: http://127.0.0.1:8000/swagger/index.html"
time="2025/07/21 - 17:02:04" level=info msg="get ClusterName: aliyun-prod"
time="2025/07/21 - 17:02:15" level=info msg="Shutdown Server ..."
time="2025/07/21 - 17:02:15" level=info msg="Server exiting"
time="2025/07/21 - 17:30:23" level=debug msg="Logger initialized with TextFormatter."
time="2025/07/21 - 17:30:25" level=info msg="Conflicting values for 'process.env.NODE_ENV'"
time="2025/07/21 - 17:30:25" level=info
time="2025/07/21 - 17:30:25" level=info msg="  App running at:"
time="2025/07/21 - 17:30:25" level=info msg="  - Local:   http://127.0.0.1:8000"
time="2025/07/21 - 17:30:25" level=info msg="  - Network: http://127.0.0.1:8000"
time="2025/07/21 - 17:30:25" level=info
time="2025/07/21 - 17:30:25" level=info msg="  请注意，开发版本尚未优化"
time="2025/07/21 - 17:30:25" level=info msg="  要创建生产环境构建，请运行 go run main.go"
time="2025/07/21 - 17:30:25" level=info
time="2025/07/21 - 17:30:25" level=info msg="API文档地址: http://127.0.0.1:8000/swagger/index.html"
time="2025/07/21 - 17:44:54" level=info msg="get ClusterName: aliyun-prod"
time="2025/07/21 - 17:45:00" level=info msg="get ClusterName: aliyun-prod"
time="2025/07/21 - 17:52:32" level=info msg="get ClusterName: aliyun-prod"
time="2025/07/21 - 17:53:37" level=info msg="get ClusterName: aliyun-prod"
time="2025/07/21 - 17:54:50" level=info msg="get ClusterName: aliyun-prod"
time="2025/07/22 - 10:58:18" level=info msg="Shutdown Server ..."
time="2025/07/22 - 10:58:18" level=info msg="Server exiting"
time="2025/07/22 - 11:25:04" level=debug msg="Logger initialized with TextFormatter."
time="2025/07/22 - 11:25:06" level=info msg="Conflicting values for 'process.env.NODE_ENV'"
time="2025/07/22 - 11:25:06" level=info
time="2025/07/22 - 11:25:06" level=info msg="  App running at:"
time="2025/07/22 - 11:25:06" level=info msg="  - Local:   http://127.0.0.1:8000"
time="2025/07/22 - 11:25:06" level=info msg="  - Network: http://127.0.0.1:8000"
time="2025/07/22 - 11:25:06" level=info
time="2025/07/22 - 11:25:06" level=info msg="  请注意，开发版本尚未优化"
time="2025/07/22 - 11:25:06" level=info msg="  要创建生产环境构建，请运行 go run main.go"
time="2025/07/22 - 11:25:06" level=info
time="2025/07/22 - 11:25:06" level=info msg="API文档地址: http://127.0.0.1:8000/swagger/index.html"
time="2025/07/22 - 11:30:24" level=info msg="get ClusterName: aliyun-prod"
time="2025/07/22 - 11:30:24" level=info msg="CacheKey: aliyun-prod:/api/v1/clusterroles"
time="2025/07/22 - 11:30:54" level=info msg="get ClusterName: aliyun-prod"
time="2025/07/22 - 11:30:54" level=info msg="CacheKey: aliyun-prod:/api/v1/roles/kube-system"
time="2025/07/22 - 11:31:04" level=info msg="get ClusterName: aliyun-prod"
time="2025/07/22 - 14:05:46" level=info msg="Shutdown Server ..."
time="2025/07/22 - 14:05:46" level=info msg="Server exiting"
time="2025/07/22 - 14:05:57" level=debug msg="Logger initialized with TextFormatter."
time="2025/07/22 - 14:05:58" level=info msg="Conflicting values for 'process.env.NODE_ENV'"
time="2025/07/22 - 14:05:58" level=info
time="2025/07/22 - 14:05:58" level=info msg="  App running at:"
time="2025/07/22 - 14:05:58" level=info msg="  - Local:   http://127.0.0.1:8000"
time="2025/07/22 - 14:05:58" level=info msg="  - Network: http://127.0.0.1:8000"
time="2025/07/22 - 14:05:58" level=info
time="2025/07/22 - 14:05:58" level=info msg="  请注意，开发版本尚未优化"
time="2025/07/22 - 14:05:58" level=info msg="  要创建生产环境构建，请运行 go run main.go"
time="2025/07/22 - 14:05:58" level=info
time="2025/07/22 - 14:05:58" level=info msg="API文档地址: http://127.0.0.1:8000/swagger/index.html"
time="2025/07/22 - 14:07:01" level=info msg="get ClusterName: aliyun-prod"
time="2025/07/22 - 14:07:01" level=info msg="CacheKey: aliyun-prod:/api/v1/clusterroles"
time="2025/07/22 - 14:07:01" level=error msg="data is empty or error"
time="2025/07/22 - 14:07:21" level=info msg="get ClusterName: aliyun-prod"
time="2025/07/22 - 14:07:21" level=info msg="CacheKey: aliyun-prod:/api/v1/clusterroles"
time="2025/07/22 - 14:07:21" level=info msg="CacheKey: aliyun-prod:/api/v1/clusterroles get cache success"
time="2025/07/22 - 14:08:01" level=info msg="Shutdown Server ..."
time="2025/07/22 - 14:08:01" level=info msg="Server exiting"
time="2025/07/22 - 14:08:07" level=debug msg="Logger initialized with TextFormatter."
time="2025/07/22 - 14:08:08" level=info msg="Conflicting values for 'process.env.NODE_ENV'"
time="2025/07/22 - 14:08:08" level=info
time="2025/07/22 - 14:08:08" level=info msg="  App running at:"
time="2025/07/22 - 14:08:08" level=info msg="  - Local:   http://127.0.0.1:8000"
time="2025/07/22 - 14:08:08" level=info msg="  - Network: http://127.0.0.1:8000"
time="2025/07/22 - 14:08:08" level=info
time="2025/07/22 - 14:08:08" level=info msg="  请注意，开发版本尚未优化"
time="2025/07/22 - 14:08:08" level=info msg="  要创建生产环境构建，请运行 go run main.go"
time="2025/07/22 - 14:08:08" level=info
time="2025/07/22 - 14:08:08" level=info msg="API文档地址: http://127.0.0.1:8000/swagger/index.html"
time="2025/07/22 - 14:08:12" level=info msg="get ClusterName: aliyun-prod"
time="2025/07/22 - 14:08:12" level=info msg="CacheKey: aliyun-prod:/api/v1/clusterroles"
time="2025/07/22 - 14:08:12" level=info msg="CacheKey: aliyun-prod:/api/v1/clusterroles get cache success"
time="2025/07/22 - 14:08:29" level=info msg="get ClusterName: aliyun-prod"
time="2025/07/22 - 14:08:29" level=info msg="CacheKey: aliyun-prod:/api/v1/clusterroles"
time="2025/07/22 - 14:08:29" level=info msg="CacheKey: aliyun-prod:/api/v1/clusterroles get cache success"
time="2025/07/22 - 16:26:36" level=info msg="Shutdown Server ..."
time="2025/07/22 - 16:26:36" level=info msg="Server exiting"
time="2025/07/22 - 16:46:41" level=debug msg="Logger initialized with TextFormatter."
time="2025/07/22 - 16:46:42" level=info msg="Conflicting values for 'process.env.NODE_ENV'"
time="2025/07/22 - 16:46:42" level=info
time="2025/07/22 - 16:46:42" level=info msg="  App running at:"
time="2025/07/22 - 16:46:42" level=info msg="  - Local:   http://127.0.0.1:8000"
time="2025/07/22 - 16:46:42" level=info msg="  - Network: http://127.0.0.1:8000"
time="2025/07/22 - 16:46:42" level=info
time="2025/07/22 - 16:46:42" level=info msg="  请注意，开发版本尚未优化"
time="2025/07/22 - 16:46:42" level=info msg="  要创建生产环境构建，请运行 go run main.go"
time="2025/07/22 - 16:46:42" level=info
time="2025/07/22 - 16:46:42" level=info msg="API文档地址: http://127.0.0.1:8000/swagger/index.html"
time="2025/07/22 - 17:02:41" level=info msg="get ClusterName: aliyun-prod"
time="2025/07/22 - 17:02:41" level=info msg="CacheKey: aliyun-prod:/api/v1/k8s/clusterroles"
time="2025/07/22 - 17:02:41" level=error msg="data is empty or error"
time="2025/07/23 - 10:47:32" level=info msg="Shutdown Server ..."
time="2025/07/23 - 10:47:32" level=info msg="Server exiting"
time="2025/07/23 - 14:07:01" level=debug msg="Logger initialized with TextFormatter."
time="2025/07/23 - 14:07:03" level=info msg="Conflicting values for 'process.env.NODE_ENV'"
time="2025/07/23 - 14:07:03" level=info
time="2025/07/23 - 14:07:03" level=info msg="  App running at:"
time="2025/07/23 - 14:07:03" level=info msg="  - Local:   http://127.0.0.1:8000"
time="2025/07/23 - 14:07:03" level=info msg="  - Network: http://127.0.0.1:8000"
time="2025/07/23 - 14:07:03" level=info
time="2025/07/23 - 14:07:03" level=info msg="  请注意，开发版本尚未优化"
time="2025/07/23 - 14:07:03" level=info msg="  要创建生产环境构建，请运行 go run main.go"
time="2025/07/23 - 14:07:03" level=info
time="2025/07/23 - 14:07:03" level=info msg="API文档地址: http://127.0.0.1:8000/swagger/index.html"
time="2025/07/23 - 14:08:28" level=info msg="Shutdown Server ..."
time="2025/07/23 - 14:08:28" level=info msg="Server exiting"
time="2025/07/23 - 14:08:39" level=debug msg="Logger initialized with TextFormatter."
time="2025/07/23 - 14:08:40" level=info msg="Conflicting values for 'process.env.NODE_ENV'"
time="2025/07/23 - 14:08:40" level=info
time="2025/07/23 - 14:08:40" level=info msg="  App running at:"
time="2025/07/23 - 14:08:40" level=info msg="  - Local:   http://127.0.0.1:8000"
time="2025/07/23 - 14:08:40" level=info msg="  - Network: http://127.0.0.1:8000"
time="2025/07/23 - 14:08:40" level=info
time="2025/07/23 - 14:08:40" level=info msg="  请注意，开发版本尚未优化"
time="2025/07/23 - 14:08:40" level=info msg="  要创建生产环境构建，请运行 go run main.go"
time="2025/07/23 - 14:08:40" level=info
time="2025/07/23 - 14:08:40" level=info msg="API文档地址: http://127.0.0.1:8000/swagger/index.html"
time="2025/07/23 - 14:10:33" level=info msg="get ClusterName: aliyun-prod"
time="2025/07/23 - 14:10:33" level=info msg="kubeCluster CacheKey: aliyun-prod:/api/v1/k8s/resource/pods/abtest-event"
time="2025/07/23 - 14:10:33" level=error msg="data is empty or error"
time="2025/07/23 - 14:10:52" level=info msg="get ClusterName: aliyun-prod"
time="2025/07/23 - 14:10:52" level=info msg="kubeCluster CacheKey: aliyun-prod:/api/v1/k8s/resource/pods/abtest-event"
time="2025/07/23 - 14:10:52" level=info msg="CacheKey: aliyun-prod:/api/v1/k8s/resource/pods/abtest-event get cache success"
time="2025/07/23 - 14:10:52" level=info msg="CacheKey: aliyun-prod:/api/v1/k8s/resource/pods/abtest-eventwaiting refresh cache"
time="2025/07/23 - 14:10:57" level=info msg="get new data from k8saliyun-prod:/api/v1/k8s/resource/pods/abtest-event"
time="2025/07/23 - 14:10:58" level=info msg="CacheKey: aliyun-prod:/api/v1/k8s/resource/pods/abtest-eventrefresh cache success"
time="2025/07/23 - 14:11:45" level=info msg="get ClusterName: aliyun-prod"
time="2025/07/23 - 14:11:45" level=info msg="kubeCluster CacheKey: aliyun-prod:/api/v1/k8s/resource/pods/abtest-event"
time="2025/07/23 - 14:11:45" level=info msg="CacheKey: aliyun-prod:/api/v1/k8s/resource/pods/abtest-event get cache success"
time="2025/07/23 - 14:11:45" level=info msg="CacheKey: aliyun-prod:/api/v1/k8s/resource/pods/abtest-eventwaiting refresh cache"
time="2025/07/23 - 14:11:50" level=info msg="get new data from k8saliyun-prod:/api/v1/k8s/resource/pods/abtest-event"
time="2025/07/23 - 14:11:50" level=info msg="CacheKey: aliyun-prod:/api/v1/k8s/resource/pods/abtest-eventrefresh cache success"
time="2025/07/23 - 14:13:03" level=info msg="Shutdown Server ..."
time="2025/07/23 - 14:13:03" level=info msg="Server exiting"
time="2025/07/23 - 14:13:06" level=debug msg="Logger initialized with TextFormatter."
time="2025/07/23 - 14:13:07" level=info msg="Conflicting values for 'process.env.NODE_ENV'"
time="2025/07/23 - 14:13:07" level=info
time="2025/07/23 - 14:13:07" level=info msg="  App running at:"
time="2025/07/23 - 14:13:07" level=info msg="  - Local:   http://127.0.0.1:8000"
time="2025/07/23 - 14:13:07" level=info msg="  - Network: http://127.0.0.1:8000"
time="2025/07/23 - 14:13:07" level=info
time="2025/07/23 - 14:13:07" level=info msg="  请注意，开发版本尚未优化"
time="2025/07/23 - 14:13:07" level=info msg="  要创建生产环境构建，请运行 go run main.go"
time="2025/07/23 - 14:13:07" level=info
time="2025/07/23 - 14:13:07" level=info msg="API文档地址: http://127.0.0.1:8000/swagger/index.html"
time="2025/07/23 - 14:13:20" level=info msg="get ClusterName: aliyun-prod"
time="2025/07/23 - 14:13:20" level=info msg="kubeCluster CacheKey: aliyun-prod:/api/v1/k8s/resource/pods/abtest-event"
time="2025/07/23 - 14:13:20" level=info msg="CacheKey: aliyun-prod:/api/v1/k8s/resource/pods/abtest-event get cache success"
time="2025/07/23 - 14:13:20" level=info msg="CacheKey: aliyun-prod:/api/v1/k8s/resource/pods/abtest-event waiting refresh cache"
time="2025/07/23 - 14:13:25" level=info msg="get new data from k8s aliyun-prod:/api/v1/k8s/resource/pods/abtest-event"
time="2025/07/23 - 14:13:26" level=info msg="CacheKey: aliyun-prod:/api/v1/k8s/resource/pods/abtest-eventrefresh cache success"
time="2025/07/23 - 14:41:40" level=info msg="Shutdown Server ..."
time="2025/07/23 - 14:41:40" level=info msg="Server exiting"
time="2025/07/23 - 14:42:16" level=debug msg="Logger initialized with TextFormatter."
time="2025/07/23 - 14:42:17" level=info msg="Conflicting values for 'process.env.NODE_ENV'"
time="2025/07/23 - 14:42:17" level=info
time="2025/07/23 - 14:42:17" level=info msg="  App running at:"
time="2025/07/23 - 14:42:17" level=info msg="  - Local:   http://127.0.0.1:8000"
time="2025/07/23 - 14:42:17" level=info msg="  - Network: http://127.0.0.1:8000"
time="2025/07/23 - 14:42:17" level=info
time="2025/07/23 - 14:42:17" level=info msg="  请注意，开发版本尚未优化"
time="2025/07/23 - 14:42:17" level=info msg="  要创建生产环境构建，请运行 go run main.go"
time="2025/07/23 - 14:42:17" level=info
time="2025/07/23 - 14:42:17" level=info msg="API文档地址: http://127.0.0.1:8000/swagger/index.html"
time="2025/07/23 - 14:42:28" level=info msg="get ClusterName: aliyun-prod"
time="2025/07/23 - 14:42:28" level=info msg="kubeCluster CacheKey: aliyun-prod:/api/v1/k8s/resource/pods/abtest-event"
time="2025/07/23 - 14:42:28" level=error msg="data is empty or error"
time="2025/07/23 - 14:42:44" level=info msg="get ClusterName: aliyun-prod"
time="2025/07/23 - 14:42:44" level=info msg="kubeCluster CacheKey: aliyun-prod:/api/v1/k8s/resource/pods/abtest-event"
time="2025/07/23 - 14:42:44" level=info msg="CacheKey: aliyun-prod:/api/v1/k8s/resource/pods/abtest-event get cache success"
time="2025/07/23 - 14:42:44" level=info msg="CacheKey: aliyun-prod:/api/v1/k8s/resource/pods/abtest-event waiting refresh cache"
time="2025/07/23 - 14:42:49" level=info msg="get new data from k8s aliyun-prod:/api/v1/k8s/resource/pods/abtest-event"
time="2025/07/23 - 14:42:49" level=info msg="CacheKey: aliyun-prod:/api/v1/k8s/resource/pods/abtest-eventrefresh cache success"
time="2025/07/23 - 14:42:49" level=info msg="CacheKey: aliyun-prod:/api/v1/k8s/resource/pods/abtest-eventrefresh cache shared: false"
time="2025/07/23 - 14:43:19" level=info msg="get ClusterName: aliyun-prod"
time="2025/07/23 - 14:43:19" level=info msg="kubeCluster CacheKey: aliyun-prod:/api/v1/k8s/resource/pods/abtest-event"
time="2025/07/23 - 14:43:19" level=info msg="CacheKey: aliyun-prod:/api/v1/k8s/resource/pods/abtest-event get cache success"
time="2025/07/23 - 14:43:19" level=info msg="CacheKey: aliyun-prod:/api/v1/k8s/resource/pods/abtest-event waiting refresh cache"
time="2025/07/23 - 14:43:24" level=info msg="get new data from k8s aliyun-prod:/api/v1/k8s/resource/pods/abtest-event"
time="2025/07/23 - 14:43:25" level=info msg="CacheKey: aliyun-prod:/api/v1/k8s/resource/pods/abtest-eventrefresh cache success"
time="2025/07/23 - 14:43:25" level=info msg="CacheKey: aliyun-prod:/api/v1/k8s/resource/pods/abtest-eventrefresh cache shared: false"
time="2025/07/23 - 14:43:31" level=info msg="Shutdown Server ..."
time="2025/07/23 - 14:43:31" level=info msg="Server exiting"
time="2025/07/23 - 14:43:39" level=debug msg="Logger initialized with TextFormatter."
time="2025/07/23 - 14:43:41" level=info msg="Conflicting values for 'process.env.NODE_ENV'"
time="2025/07/23 - 14:43:41" level=info
time="2025/07/23 - 14:43:41" level=info msg="  App running at:"
time="2025/07/23 - 14:43:41" level=info msg="  - Local:   http://127.0.0.1:8000"
time="2025/07/23 - 14:43:41" level=info msg="  - Network: http://127.0.0.1:8000"
time="2025/07/23 - 14:43:41" level=info
time="2025/07/23 - 14:43:41" level=info msg="  请注意，开发版本尚未优化"
time="2025/07/23 - 14:43:41" level=info msg="  要创建生产环境构建，请运行 go run main.go"
time="2025/07/23 - 14:43:41" level=info
time="2025/07/23 - 14:43:41" level=info msg="API文档地址: http://127.0.0.1:8000/swagger/index.html"
time="2025/07/23 - 14:43:56" level=info msg="get ClusterName: aliyun-prod"
time="2025/07/23 - 14:43:56" level=info msg="kubeCluster CacheKey: aliyun-prod:/api/v1/k8s/resource/pods/abtest-event"
time="2025/07/23 - 14:43:56" level=info msg="CacheKey: aliyun-prod:/api/v1/k8s/resource/pods/abtest-event get cache success"
time="2025/07/23 - 14:43:56" level=info msg="CacheKey: aliyun-prod:/api/v1/k8s/resource/pods/abtest-event waiting refresh cache"
time="2025/07/23 - 14:44:01" level=info msg="get new data from k8s aliyun-prod:/api/v1/k8s/resource/pods/abtest-event"
time="2025/07/23 - 14:44:02" level=info msg="CacheKey: aliyun-prod:/api/v1/k8s/resource/pods/abtest-event refresh cache success"
time="2025/07/23 - 14:44:02" level=info msg="CacheKey: aliyun-prod:/api/v1/k8s/resource/pods/abtest-event refresh cache shared: false"
time="2025/07/23 - 14:44:06" level=info msg="get ClusterName: aliyun-prod"
time="2025/07/23 - 14:44:06" level=info msg="kubeCluster CacheKey: aliyun-prod:/api/v1/k8s/resource/pods/abtest-event"
time="2025/07/23 - 14:44:06" level=info msg="CacheKey: aliyun-prod:/api/v1/k8s/resource/pods/abtest-event get cache success"
time="2025/07/23 - 14:44:06" level=info msg="CacheKey: aliyun-prod:/api/v1/k8s/resource/pods/abtest-event waiting refresh cache"
time="2025/07/23 - 14:44:07" level=info msg="get ClusterName: aliyun-prod"
time="2025/07/23 - 14:44:07" level=info msg="kubeCluster CacheKey: aliyun-prod:/api/v1/k8s/resource/pods/abtest-event"
time="2025/07/23 - 14:44:07" level=info msg="CacheKey: aliyun-prod:/api/v1/k8s/resource/pods/abtest-event get cache success"
time="2025/07/23 - 14:44:07" level=info msg="CacheKey: aliyun-prod:/api/v1/k8s/resource/pods/abtest-event waiting refresh cache"
time="2025/07/23 - 14:44:07" level=info msg="get ClusterName: aliyun-prod"
time="2025/07/23 - 14:44:07" level=info msg="kubeCluster CacheKey: aliyun-prod:/api/v1/k8s/resource/pods/abtest-event"
time="2025/07/23 - 14:44:07" level=info msg="CacheKey: aliyun-prod:/api/v1/k8s/resource/pods/abtest-event get cache success"
time="2025/07/23 - 14:44:07" level=info msg="CacheKey: aliyun-prod:/api/v1/k8s/resource/pods/abtest-event waiting refresh cache"
time="2025/07/23 - 14:44:08" level=info msg="get ClusterName: aliyun-prod"
time="2025/07/23 - 14:44:08" level=info msg="kubeCluster CacheKey: aliyun-prod:/api/v1/k8s/resource/pods/abtest-event"
time="2025/07/23 - 14:44:08" level=info msg="CacheKey: aliyun-prod:/api/v1/k8s/resource/pods/abtest-event get cache success"
time="2025/07/23 - 14:44:08" level=info msg="CacheKey: aliyun-prod:/api/v1/k8s/resource/pods/abtest-event waiting refresh cache"
time="2025/07/23 - 14:44:11" level=info msg="get new data from k8s aliyun-prod:/api/v1/k8s/resource/pods/abtest-event"
time="2025/07/23 - 14:44:12" level=info msg="CacheKey: aliyun-prod:/api/v1/k8s/resource/pods/abtest-event refresh cache success"
time="2025/07/23 - 14:44:12" level=info msg="CacheKey: aliyun-prod:/api/v1/k8s/resource/pods/abtest-event refresh cache shared: true"
time="2025/07/23 - 14:44:12" level=info msg="CacheKey: aliyun-prod:/api/v1/k8s/resource/pods/abtest-event refresh cache shared: true"
time="2025/07/23 - 14:44:12" level=info msg="CacheKey: aliyun-prod:/api/v1/k8s/resource/pods/abtest-event refresh cache shared: true"
time="2025/07/23 - 14:44:12" level=info msg="CacheKey: aliyun-prod:/api/v1/k8s/resource/pods/abtest-event refresh cache shared: true"
time="2025/07/23 - 14:44:38" level=info msg="get ClusterName: aliyun-prod"
time="2025/07/23 - 14:44:38" level=info msg="kubeCluster CacheKey: aliyun-prod:/api/v1/k8s/resource/pods/abtest-event"
time="2025/07/23 - 14:44:38" level=info msg="CacheKey: aliyun-prod:/api/v1/k8s/resource/pods/abtest-event get cache success"
time="2025/07/23 - 14:44:38" level=info msg="CacheKey: aliyun-prod:/api/v1/k8s/resource/pods/abtest-event waiting refresh cache"
time="2025/07/23 - 14:44:39" level=info msg="get ClusterName: aliyun-prod"
time="2025/07/23 - 14:44:39" level=info msg="kubeCluster CacheKey: aliyun-prod:/api/v1/k8s/resource/pods/abtest-event"
time="2025/07/23 - 14:44:39" level=info msg="CacheKey: aliyun-prod:/api/v1/k8s/resource/pods/abtest-event get cache success"
time="2025/07/23 - 14:44:39" level=info msg="CacheKey: aliyun-prod:/api/v1/k8s/resource/pods/abtest-event waiting refresh cache"
time="2025/07/23 - 14:44:39" level=info msg="get ClusterName: aliyun-prod"
time="2025/07/23 - 14:44:39" level=info msg="kubeCluster CacheKey: aliyun-prod:/api/v1/k8s/resource/pods/abtest-event"
time="2025/07/23 - 14:44:39" level=info msg="CacheKey: aliyun-prod:/api/v1/k8s/resource/pods/abtest-event get cache success"
time="2025/07/23 - 14:44:39" level=info msg="CacheKey: aliyun-prod:/api/v1/k8s/resource/pods/abtest-event waiting refresh cache"
time="2025/07/23 - 14:44:40" level=info msg="get ClusterName: aliyun-prod"
time="2025/07/23 - 14:44:40" level=info msg="kubeCluster CacheKey: aliyun-prod:/api/v1/k8s/resource/pods/abtest-event"
time="2025/07/23 - 14:44:40" level=info msg="CacheKey: aliyun-prod:/api/v1/k8s/resource/pods/abtest-event get cache success"
time="2025/07/23 - 14:44:40" level=info msg="CacheKey: aliyun-prod:/api/v1/k8s/resource/pods/abtest-event waiting refresh cache"
time="2025/07/23 - 14:44:40" level=info msg="get ClusterName: aliyun-prod"
time="2025/07/23 - 14:44:40" level=info msg="kubeCluster CacheKey: aliyun-prod:/api/v1/k8s/resource/pods/abtest-event"
time="2025/07/23 - 14:44:40" level=info msg="CacheKey: aliyun-prod:/api/v1/k8s/resource/pods/abtest-event get cache success"
time="2025/07/23 - 14:44:40" level=info msg="CacheKey: aliyun-prod:/api/v1/k8s/resource/pods/abtest-event waiting refresh cache"
time="2025/07/23 - 14:44:41" level=info msg="get ClusterName: aliyun-prod"
time="2025/07/23 - 14:44:41" level=info msg="kubeCluster CacheKey: aliyun-prod:/api/v1/k8s/resource/pods/abtest-event"
time="2025/07/23 - 14:44:41" level=info msg="CacheKey: aliyun-prod:/api/v1/k8s/resource/pods/abtest-event get cache success"
time="2025/07/23 - 14:44:41" level=info msg="CacheKey: aliyun-prod:/api/v1/k8s/resource/pods/abtest-event waiting refresh cache"
time="2025/07/23 - 14:44:42" level=info msg="get ClusterName: aliyun-prod"
time="2025/07/23 - 14:44:42" level=info msg="kubeCluster CacheKey: aliyun-prod:/api/v1/k8s/resource/pods/abtest-event"
time="2025/07/23 - 14:44:42" level=info msg="CacheKey: aliyun-prod:/api/v1/k8s/resource/pods/abtest-event get cache success"
time="2025/07/23 - 14:44:42" level=info msg="CacheKey: aliyun-prod:/api/v1/k8s/resource/pods/abtest-event waiting refresh cache"
time="2025/07/23 - 14:44:42" level=info msg="get ClusterName: aliyun-prod"
time="2025/07/23 - 14:44:42" level=info msg="kubeCluster CacheKey: aliyun-prod:/api/v1/k8s/resource/pods/abtest-event"
time="2025/07/23 - 14:44:42" level=info msg="CacheKey: aliyun-prod:/api/v1/k8s/resource/pods/abtest-event get cache success"
time="2025/07/23 - 14:44:42" level=info msg="CacheKey: aliyun-prod:/api/v1/k8s/resource/pods/abtest-event waiting refresh cache"
time="2025/07/23 - 14:44:43" level=info msg="get new data from k8s aliyun-prod:/api/v1/k8s/resource/pods/abtest-event"
time="2025/07/23 - 14:44:43" level=info msg="get ClusterName: aliyun-prod"
time="2025/07/23 - 14:44:43" level=info msg="kubeCluster CacheKey: aliyun-prod:/api/v1/k8s/resource/pods/abtest-event"
time="2025/07/23 - 14:44:43" level=info msg="CacheKey: aliyun-prod:/api/v1/k8s/resource/pods/abtest-event refresh cache success"
time="2025/07/23 - 14:44:43" level=info msg="CacheKey: aliyun-prod:/api/v1/k8s/resource/pods/abtest-event refresh cache shared: true"
time="2025/07/23 - 14:44:43" level=info msg="CacheKey: aliyun-prod:/api/v1/k8s/resource/pods/abtest-event refresh cache shared: true"
time="2025/07/23 - 14:44:43" level=info msg="CacheKey: aliyun-prod:/api/v1/k8s/resource/pods/abtest-event refresh cache shared: true"
time="2025/07/23 - 14:44:43" level=info msg="CacheKey: aliyun-prod:/api/v1/k8s/resource/pods/abtest-event refresh cache shared: true"
time="2025/07/23 - 14:44:43" level=info msg="CacheKey: aliyun-prod:/api/v1/k8s/resource/pods/abtest-event refresh cache shared: true"
time="2025/07/23 - 14:44:43" level=info msg="CacheKey: aliyun-prod:/api/v1/k8s/resource/pods/abtest-event refresh cache shared: true"
time="2025/07/23 - 14:44:43" level=info msg="CacheKey: aliyun-prod:/api/v1/k8s/resource/pods/abtest-event refresh cache shared: true"
time="2025/07/23 - 14:44:43" level=info msg="CacheKey: aliyun-prod:/api/v1/k8s/resource/pods/abtest-event refresh cache shared: true"
time="2025/07/23 - 14:44:43" level=info msg="CacheKey: aliyun-prod:/api/v1/k8s/resource/pods/abtest-event get cache success"
time="2025/07/23 - 14:44:43" level=info msg="CacheKey: aliyun-prod:/api/v1/k8s/resource/pods/abtest-event waiting refresh cache"
time="2025/07/23 - 14:44:44" level=info msg="get ClusterName: aliyun-prod"
time="2025/07/23 - 14:44:44" level=info msg="kubeCluster CacheKey: aliyun-prod:/api/v1/k8s/resource/pods/abtest-event"
time="2025/07/23 - 14:44:44" level=info msg="CacheKey: aliyun-prod:/api/v1/k8s/resource/pods/abtest-event get cache success"
time="2025/07/23 - 14:44:44" level=info msg="CacheKey: aliyun-prod:/api/v1/k8s/resource/pods/abtest-event waiting refresh cache"
time="2025/07/23 - 14:44:44" level=info msg="get ClusterName: aliyun-prod"
time="2025/07/23 - 14:44:44" level=info msg="kubeCluster CacheKey: aliyun-prod:/api/v1/k8s/resource/pods/abtest-event"
time="2025/07/23 - 14:44:44" level=info msg="CacheKey: aliyun-prod:/api/v1/k8s/resource/pods/abtest-event get cache success"
time="2025/07/23 - 14:44:44" level=info msg="CacheKey: aliyun-prod:/api/v1/k8s/resource/pods/abtest-event waiting refresh cache"
time="2025/07/23 - 14:44:45" level=info msg="get ClusterName: aliyun-prod"
time="2025/07/23 - 14:44:45" level=info msg="kubeCluster CacheKey: aliyun-prod:/api/v1/k8s/resource/pods/abtest-event"
time="2025/07/23 - 14:44:45" level=info msg="CacheKey: aliyun-prod:/api/v1/k8s/resource/pods/abtest-event get cache success"
time="2025/07/23 - 14:44:45" level=info msg="CacheKey: aliyun-prod:/api/v1/k8s/resource/pods/abtest-event waiting refresh cache"
time="2025/07/23 - 14:44:48" level=info msg="get new data from k8s aliyun-prod:/api/v1/k8s/resource/pods/abtest-event"
time="2025/07/23 - 14:44:48" level=info msg="CacheKey: aliyun-prod:/api/v1/k8s/resource/pods/abtest-event refresh cache success"
time="2025/07/23 - 14:44:48" level=info msg="CacheKey: aliyun-prod:/api/v1/k8s/resource/pods/abtest-event refresh cache shared: true"
time="2025/07/23 - 14:44:48" level=info msg="CacheKey: aliyun-prod:/api/v1/k8s/resource/pods/abtest-event refresh cache shared: true"
time="2025/07/23 - 14:44:48" level=info msg="CacheKey: aliyun-prod:/api/v1/k8s/resource/pods/abtest-event refresh cache shared: true"
time="2025/07/23 - 14:44:48" level=info msg="CacheKey: aliyun-prod:/api/v1/k8s/resource/pods/abtest-event refresh cache shared: true"
time="2025/07/23 - 14:45:32" level=info msg="get ClusterName: aliyun-prod"
time="2025/07/23 - 14:45:32" level=info msg="kubeCluster CacheKey: aliyun-prod:/api/v1/k8s/resource/pods/abtest-event"
time="2025/07/23 - 14:45:32" level=info msg="CacheKey: aliyun-prod:/api/v1/k8s/resource/pods/abtest-event get cache success"
time="2025/07/23 - 14:45:32" level=info msg="CacheKey: aliyun-prod:/api/v1/k8s/resource/pods/abtest-event waiting refresh cache"
time="2025/07/23 - 14:45:33" level=info msg="get ClusterName: aliyun-prod"
time="2025/07/23 - 14:45:33" level=info msg="kubeCluster CacheKey: aliyun-prod:/api/v1/k8s/resource/pods/abtest-event"
time="2025/07/23 - 14:45:33" level=info msg="CacheKey: aliyun-prod:/api/v1/k8s/resource/pods/abtest-event get cache success"
time="2025/07/23 - 14:45:33" level=info msg="CacheKey: aliyun-prod:/api/v1/k8s/resource/pods/abtest-event waiting refresh cache"
time="2025/07/23 - 14:45:37" level=info msg="get ClusterName: aliyun-prod"
time="2025/07/23 - 14:45:37" level=info msg="kubeCluster CacheKey: aliyun-prod:/api/v1/k8s/resource/pods/abtest-event"
time="2025/07/23 - 14:45:37" level=info msg="get new data from k8s aliyun-prod:/api/v1/k8s/resource/pods/abtest-event"
time="2025/07/23 - 14:45:37" level=info msg="CacheKey: aliyun-prod:/api/v1/k8s/resource/pods/abtest-event get cache success"
time="2025/07/23 - 14:45:37" level=info msg="CacheKey: aliyun-prod:/api/v1/k8s/resource/pods/abtest-event waiting refresh cache"
time="2025/07/23 - 14:45:37" level=info msg="CacheKey: aliyun-prod:/api/v1/k8s/resource/pods/abtest-event refresh cache success"
time="2025/07/23 - 14:45:37" level=info msg="CacheKey: aliyun-prod:/api/v1/k8s/resource/pods/abtest-event refresh cache shared: true"
time="2025/07/23 - 14:45:37" level=info msg="CacheKey: aliyun-prod:/api/v1/k8s/resource/pods/abtest-event refresh cache shared: true"
time="2025/07/23 - 14:45:37" level=info msg="CacheKey: aliyun-prod:/api/v1/k8s/resource/pods/abtest-event refresh cache shared: true"
time="2025/07/23 - 14:45:38" level=info msg="get ClusterName: aliyun-prod"
time="2025/07/23 - 14:45:38" level=info msg="kubeCluster CacheKey: aliyun-prod:/api/v1/k8s/resource/pods/abtest-event"
time="2025/07/23 - 14:45:38" level=info msg="CacheKey: aliyun-prod:/api/v1/k8s/resource/pods/abtest-event get cache success"
time="2025/07/23 - 14:45:38" level=info msg="CacheKey: aliyun-prod:/api/v1/k8s/resource/pods/abtest-event waiting refresh cache"
time="2025/07/23 - 14:45:40" level=info msg="get ClusterName: aliyun-prod"
time="2025/07/23 - 14:45:40" level=info msg="kubeCluster CacheKey: aliyun-prod:/api/v1/k8s/resource/pods/abtest-event"
time="2025/07/23 - 14:45:40" level=info msg="CacheKey: aliyun-prod:/api/v1/k8s/resource/pods/abtest-event get cache success"
time="2025/07/23 - 14:45:40" level=info msg="CacheKey: aliyun-prod:/api/v1/k8s/resource/pods/abtest-event waiting refresh cache"
time="2025/07/23 - 14:45:41" level=info msg="get ClusterName: aliyun-prod"
time="2025/07/23 - 14:45:41" level=info msg="kubeCluster CacheKey: aliyun-prod:/api/v1/k8s/resource/pods/abtest-event"
time="2025/07/23 - 14:45:41" level=info msg="CacheKey: aliyun-prod:/api/v1/k8s/resource/pods/abtest-event get cache success"
time="2025/07/23 - 14:45:41" level=info msg="CacheKey: aliyun-prod:/api/v1/k8s/resource/pods/abtest-event waiting refresh cache"
time="2025/07/23 - 14:45:42" level=info msg="get ClusterName: aliyun-prod"
time="2025/07/23 - 14:45:42" level=info msg="kubeCluster CacheKey: aliyun-prod:/api/v1/k8s/resource/pods/abtest-event"
time="2025/07/23 - 14:45:43" level=info msg="CacheKey: aliyun-prod:/api/v1/k8s/resource/pods/abtest-event get cache success"
time="2025/07/23 - 14:45:43" level=info msg="CacheKey: aliyun-prod:/api/v1/k8s/resource/pods/abtest-event waiting refresh cache"
time="2025/07/23 - 14:45:43" level=info msg="get new data from k8s aliyun-prod:/api/v1/k8s/resource/pods/abtest-event"
time="2025/07/23 - 14:45:43" level=info msg="get ClusterName: aliyun-prod"
time="2025/07/23 - 14:45:43" level=info msg="kubeCluster CacheKey: aliyun-prod:/api/v1/k8s/resource/pods/abtest-event"
time="2025/07/23 - 14:45:43" level=info msg="CacheKey: aliyun-prod:/api/v1/k8s/resource/pods/abtest-event get cache success"
time="2025/07/23 - 14:45:43" level=info msg="CacheKey: aliyun-prod:/api/v1/k8s/resource/pods/abtest-event waiting refresh cache"
time="2025/07/23 - 14:45:44" level=info msg="CacheKey: aliyun-prod:/api/v1/k8s/resource/pods/abtest-event refresh cache success"
time="2025/07/23 - 14:45:44" level=info msg="CacheKey: aliyun-prod:/api/v1/k8s/resource/pods/abtest-event refresh cache shared: true"
time="2025/07/23 - 14:45:44" level=info msg="CacheKey: aliyun-prod:/api/v1/k8s/resource/pods/abtest-event refresh cache shared: true"
time="2025/07/23 - 14:45:44" level=info msg="CacheKey: aliyun-prod:/api/v1/k8s/resource/pods/abtest-event refresh cache shared: true"
time="2025/07/23 - 14:45:44" level=info msg="CacheKey: aliyun-prod:/api/v1/k8s/resource/pods/abtest-event refresh cache shared: true"
time="2025/07/23 - 14:45:44" level=info msg="CacheKey: aliyun-prod:/api/v1/k8s/resource/pods/abtest-event refresh cache shared: true"
time="2025/07/23 - 14:45:45" level=info msg="get ClusterName: aliyun-prod"
time="2025/07/23 - 14:45:45" level=info msg="kubeCluster CacheKey: aliyun-prod:/api/v1/k8s/resource/pods/abtest-event"
time="2025/07/23 - 14:45:45" level=info msg="CacheKey: aliyun-prod:/api/v1/k8s/resource/pods/abtest-event get cache success"
time="2025/07/23 - 14:45:45" level=info msg="CacheKey: aliyun-prod:/api/v1/k8s/resource/pods/abtest-event waiting refresh cache"
time="2025/07/23 - 14:45:46" level=info msg="get ClusterName: aliyun-prod"
time="2025/07/23 - 14:45:46" level=info msg="kubeCluster CacheKey: aliyun-prod:/api/v1/k8s/resource/pods/abtest-event"
time="2025/07/23 - 14:45:46" level=info msg="CacheKey: aliyun-prod:/api/v1/k8s/resource/pods/abtest-event get cache success"
time="2025/07/23 - 14:45:46" level=info msg="CacheKey: aliyun-prod:/api/v1/k8s/resource/pods/abtest-event waiting refresh cache"
time="2025/07/23 - 14:45:48" level=info msg="get ClusterName: aliyun-prod"
time="2025/07/23 - 14:45:48" level=info msg="kubeCluster CacheKey: aliyun-prod:/api/v1/k8s/resource/pods/abtest-event"
time="2025/07/23 - 14:45:48" level=info msg="CacheKey: aliyun-prod:/api/v1/k8s/resource/pods/abtest-event get cache success"
time="2025/07/23 - 14:45:48" level=info msg="CacheKey: aliyun-prod:/api/v1/k8s/resource/pods/abtest-event waiting refresh cache"
time="2025/07/23 - 14:45:49" level=info msg="get ClusterName: aliyun-prod"
time="2025/07/23 - 14:45:49" level=info msg="kubeCluster CacheKey: aliyun-prod:/api/v1/k8s/resource/pods/abtest-event"
time="2025/07/23 - 14:45:49" level=info msg="CacheKey: aliyun-prod:/api/v1/k8s/resource/pods/abtest-event get cache success"
time="2025/07/23 - 14:45:49" level=info msg="CacheKey: aliyun-prod:/api/v1/k8s/resource/pods/abtest-event waiting refresh cache"
time="2025/07/23 - 14:45:50" level=info msg="get ClusterName: aliyun-prod"
time="2025/07/23 - 14:45:50" level=info msg="get new data from k8s aliyun-prod:/api/v1/k8s/resource/pods/abtest-event"
time="2025/07/23 - 14:45:50" level=info msg="kubeCluster CacheKey: aliyun-prod:/api/v1/k8s/resource/pods/abtest-event"
time="2025/07/23 - 14:45:50" level=info msg="CacheKey: aliyun-prod:/api/v1/k8s/resource/pods/abtest-event get cache success"
time="2025/07/23 - 14:45:50" level=info msg="CacheKey: aliyun-prod:/api/v1/k8s/resource/pods/abtest-event waiting refresh cache"
time="2025/07/23 - 14:45:50" level=info msg="CacheKey: aliyun-prod:/api/v1/k8s/resource/pods/abtest-event refresh cache success"
time="2025/07/23 - 14:45:50" level=info msg="CacheKey: aliyun-prod:/api/v1/k8s/resource/pods/abtest-event refresh cache shared: true"
time="2025/07/23 - 14:45:50" level=info msg="CacheKey: aliyun-prod:/api/v1/k8s/resource/pods/abtest-event refresh cache shared: true"
time="2025/07/23 - 14:45:50" level=info msg="CacheKey: aliyun-prod:/api/v1/k8s/resource/pods/abtest-event refresh cache shared: true"
time="2025/07/23 - 14:45:50" level=info msg="CacheKey: aliyun-prod:/api/v1/k8s/resource/pods/abtest-event refresh cache shared: true"
time="2025/07/23 - 14:45:50" level=info msg="CacheKey: aliyun-prod:/api/v1/k8s/resource/pods/abtest-event refresh cache shared: true"
time="2025/07/23 - 14:45:51" level=info msg="get ClusterName: aliyun-prod"
time="2025/07/23 - 14:45:51" level=info msg="kubeCluster CacheKey: aliyun-prod:/api/v1/k8s/resource/pods/abtest-event"
time="2025/07/23 - 14:45:51" level=info msg="CacheKey: aliyun-prod:/api/v1/k8s/resource/pods/abtest-event get cache success"
time="2025/07/23 - 14:45:51" level=info msg="CacheKey: aliyun-prod:/api/v1/k8s/resource/pods/abtest-event waiting refresh cache"
time="2025/07/23 - 14:45:52" level=info msg="get ClusterName: aliyun-prod"
time="2025/07/23 - 14:45:52" level=info msg="kubeCluster CacheKey: aliyun-prod:/api/v1/k8s/resource/pods/abtest-event"
time="2025/07/23 - 14:45:52" level=info msg="CacheKey: aliyun-prod:/api/v1/k8s/resource/pods/abtest-event get cache success"
time="2025/07/23 - 14:45:52" level=info msg="CacheKey: aliyun-prod:/api/v1/k8s/resource/pods/abtest-event waiting refresh cache"
time="2025/07/23 - 14:45:53" level=info msg="get ClusterName: aliyun-prod"
time="2025/07/23 - 14:45:53" level=info msg="kubeCluster CacheKey: aliyun-prod:/api/v1/k8s/resource/pods/abtest-event"
time="2025/07/23 - 14:45:53" level=info msg="CacheKey: aliyun-prod:/api/v1/k8s/resource/pods/abtest-event get cache success"
time="2025/07/23 - 14:45:53" level=info msg="CacheKey: aliyun-prod:/api/v1/k8s/resource/pods/abtest-event waiting refresh cache"
time="2025/07/23 - 14:45:54" level=info msg="get ClusterName: aliyun-prod"
time="2025/07/23 - 14:45:54" level=info msg="kubeCluster CacheKey: aliyun-prod:/api/v1/k8s/resource/pods/abtest-event"
time="2025/07/23 - 14:45:54" level=info msg="CacheKey: aliyun-prod:/api/v1/k8s/resource/pods/abtest-event get cache success"
time="2025/07/23 - 14:45:54" level=info msg="CacheKey: aliyun-prod:/api/v1/k8s/resource/pods/abtest-event waiting refresh cache"
time="2025/07/23 - 14:45:56" level=info msg="get new data from k8s aliyun-prod:/api/v1/k8s/resource/pods/abtest-event"
time="2025/07/23 - 14:45:56" level=info msg="CacheKey: aliyun-prod:/api/v1/k8s/resource/pods/abtest-event refresh cache success"
time="2025/07/23 - 14:45:56" level=info msg="CacheKey: aliyun-prod:/api/v1/k8s/resource/pods/abtest-event refresh cache shared: true"
time="2025/07/23 - 14:45:56" level=info msg="CacheKey: aliyun-prod:/api/v1/k8s/resource/pods/abtest-event refresh cache shared: true"
time="2025/07/23 - 14:45:56" level=info msg="CacheKey: aliyun-prod:/api/v1/k8s/resource/pods/abtest-event refresh cache shared: true"
time="2025/07/23 - 14:45:56" level=info msg="CacheKey: aliyun-prod:/api/v1/k8s/resource/pods/abtest-event refresh cache shared: true"
time="2025/07/23 - 14:46:55" level=info msg="Shutdown Server ..."
time="2025/07/23 - 14:46:55" level=info msg="Server exiting"
time="2025/07/23 - 14:47:02" level=debug msg="Logger initialized with TextFormatter."
time="2025/07/23 - 14:47:04" level=info msg="Conflicting values for 'process.env.NODE_ENV'"
time="2025/07/23 - 14:47:04" level=info
time="2025/07/23 - 14:47:04" level=info msg="  App running at:"
time="2025/07/23 - 14:47:04" level=info msg="  - Local:   http://127.0.0.1:8000"
time="2025/07/23 - 14:47:04" level=info msg="  - Network: http://127.0.0.1:8000"
time="2025/07/23 - 14:47:04" level=info
time="2025/07/23 - 14:47:04" level=info msg="  请注意，开发版本尚未优化"
time="2025/07/23 - 14:47:04" level=info msg="  要创建生产环境构建，请运行 go run main.go"
time="2025/07/23 - 14:47:04" level=info
time="2025/07/23 - 14:47:04" level=info msg="API文档地址: http://127.0.0.1:8000/swagger/index.html"
time="2025/07/23 - 14:47:15" level=info msg="get ClusterName: aliyun-prod"
time="2025/07/23 - 14:47:15" level=info msg="kubeCluster CacheKey: aliyun-prod:/api/v1/k8s/resource/pods/abtest-event"
time="2025/07/23 - 14:47:15" level=info msg="CacheKey: aliyun-prod:/api/v1/k8s/resource/pods/abtest-event get cache success"
time="2025/07/23 - 14:47:15" level=info msg="CacheKey: aliyun-prod:/api/v1/k8s/resource/pods/abtest-event waiting refresh cache"
time="2025/07/23 - 14:47:16" level=info msg="get ClusterName: aliyun-prod"
time="2025/07/23 - 14:47:16" level=info msg="kubeCluster CacheKey: aliyun-prod:/api/v1/k8s/resource/pods/abtest-event"
time="2025/07/23 - 14:47:16" level=info msg="CacheKey: aliyun-prod:/api/v1/k8s/resource/pods/abtest-event get cache success"
time="2025/07/23 - 14:47:17" level=info msg="get ClusterName: aliyun-prod"
time="2025/07/23 - 14:47:17" level=info msg="kubeCluster CacheKey: aliyun-prod:/api/v1/k8s/resource/pods/abtest-event"
time="2025/07/23 - 14:47:17" level=info msg="CacheKey: aliyun-prod:/api/v1/k8s/resource/pods/abtest-event get cache success"
time="2025/07/23 - 14:47:20" level=info msg="get new data from k8s aliyun-prod:/api/v1/k8s/resource/pods/abtest-event"
time="2025/07/23 - 14:47:20" level=info msg="CacheKey: aliyun-prod:/api/v1/k8s/resource/pods/abtest-event refresh cache success"
time="2025/07/23 - 14:47:20" level=info msg="CacheKey: aliyun-prod:/api/v1/k8s/resource/pods/abtest-event refresh cache shared: true"
time="2025/07/23 - 14:47:20" level=info msg="CacheKey: aliyun-prod:/api/v1/k8s/resource/pods/abtest-event refresh cache shared: true"
time="2025/07/23 - 14:47:20" level=info msg="CacheKey: aliyun-prod:/api/v1/k8s/resource/pods/abtest-event refresh cache shared: true"
time="2025/07/23 - 14:47:33" level=info msg="get ClusterName: aliyun-prod"
time="2025/07/23 - 14:47:33" level=info msg="kubeCluster CacheKey: aliyun-prod:/api/v1/k8s/resource/pods/abtest-event"
time="2025/07/23 - 14:47:33" level=info msg="CacheKey: aliyun-prod:/api/v1/k8s/resource/pods/abtest-event get cache success"
time="2025/07/23 - 14:47:33" level=info msg="CacheKey: aliyun-prod:/api/v1/k8s/resource/pods/abtest-event waiting refresh cache"
time="2025/07/23 - 14:47:36" level=info msg="get ClusterName: aliyun-prod"
time="2025/07/23 - 14:47:37" level=info msg="kubeCluster CacheKey: aliyun-prod:/api/v1/k8s/resource/pods/abtest-event"
time="2025/07/23 - 14:47:37" level=info msg="CacheKey: aliyun-prod:/api/v1/k8s/resource/pods/abtest-event get cache success"
time="2025/07/23 - 14:47:38" level=info msg="get new data from k8s aliyun-prod:/api/v1/k8s/resource/pods/abtest-event"
time="2025/07/23 - 14:47:38" level=info msg="CacheKey: aliyun-prod:/api/v1/k8s/resource/pods/abtest-event refresh cache success"
time="2025/07/23 - 14:47:38" level=info msg="CacheKey: aliyun-prod:/api/v1/k8s/resource/pods/abtest-event refresh cache shared: true"
time="2025/07/23 - 14:47:38" level=info msg="CacheKey: aliyun-prod:/api/v1/k8s/resource/pods/abtest-event refresh cache shared: true"
time="2025/07/23 - 14:47:43" level=info msg="get ClusterName: aliyun-prod"
time="2025/07/23 - 14:47:43" level=info msg="kubeCluster CacheKey: aliyun-prod:/api/v1/k8s/resource/pods/abtest-event"
time="2025/07/23 - 14:47:43" level=info msg="CacheKey: aliyun-prod:/api/v1/k8s/resource/pods/abtest-event get cache success"
time="2025/07/23 - 14:47:43" level=info msg="CacheKey: aliyun-prod:/api/v1/k8s/resource/pods/abtest-event waiting refresh cache"
time="2025/07/23 - 14:47:48" level=info msg="get ClusterName: aliyun-prod"
time="2025/07/23 - 14:47:48" level=info msg="kubeCluster CacheKey: aliyun-prod:/api/v1/k8s/resource/pods/abtest-event"
time="2025/07/23 - 14:47:48" level=info msg="CacheKey: aliyun-prod:/api/v1/k8s/resource/pods/abtest-event get cache success"
time="2025/07/23 - 14:47:48" level=info msg="get new data from k8s aliyun-prod:/api/v1/k8s/resource/pods/abtest-event"
time="2025/07/23 - 14:47:48" level=info msg="CacheKey: aliyun-prod:/api/v1/k8s/resource/pods/abtest-event refresh cache success"
time="2025/07/23 - 14:47:48" level=info msg="CacheKey: aliyun-prod:/api/v1/k8s/resource/pods/abtest-event refresh cache shared: true"
time="2025/07/23 - 14:47:48" level=info msg="CacheKey: aliyun-prod:/api/v1/k8s/resource/pods/abtest-event refresh cache shared: true"
time="2025/07/23 - 14:47:50" level=info msg="get ClusterName: aliyun-prod"
time="2025/07/23 - 14:47:50" level=info msg="kubeCluster CacheKey: aliyun-prod:/api/v1/k8s/resource/pods/abtest-event"
time="2025/07/23 - 14:47:50" level=info msg="CacheKey: aliyun-prod:/api/v1/k8s/resource/pods/abtest-event get cache success"
time="2025/07/23 - 14:47:50" level=info msg="CacheKey: aliyun-prod:/api/v1/k8s/resource/pods/abtest-event waiting refresh cache"
time="2025/07/23 - 14:47:55" level=info msg="get new data from k8s aliyun-prod:/api/v1/k8s/resource/pods/abtest-event"
time="2025/07/23 - 14:47:55" level=info msg="CacheKey: aliyun-prod:/api/v1/k8s/resource/pods/abtest-event refresh cache success"
time="2025/07/23 - 14:47:55" level=info msg="CacheKey: aliyun-prod:/api/v1/k8s/resource/pods/abtest-event refresh cache shared: false"
time="2025/07/23 - 14:55:53" level=info msg="get ClusterName: aliyun-prod"
time="2025/07/23 - 14:55:53" level=info msg="kubeCluster CacheKey: aliyun-prod:/api/v1/k8s/resource/pods/abtest-event"
time="2025/07/23 - 14:55:53" level=info msg="CacheKey: aliyun-prod:/api/v1/k8s/resource/pods/abtest-event get cache success"
time="2025/07/23 - 14:55:53" level=info msg="CacheKey: aliyun-prod:/api/v1/k8s/resource/pods/abtest-event waiting refresh cache"
time="2025/07/23 - 14:55:57" level=info msg="get ClusterName: aliyun-prod"
time="2025/07/23 - 14:55:57" level=info msg="kubeCluster CacheKey: aliyun-prod:/api/v1/k8s/resource/pods/abtest-event"
time="2025/07/23 - 14:55:57" level=info msg="CacheKey: aliyun-prod:/api/v1/k8s/resource/pods/abtest-event get cache success"
time="2025/07/23 - 14:55:58" level=info msg="get new data from k8s aliyun-prod:/api/v1/k8s/resource/pods/abtest-event"
time="2025/07/23 - 14:55:58" level=info msg="CacheKey: aliyun-prod:/api/v1/k8s/resource/pods/abtest-event refresh cache success"
time="2025/07/23 - 14:55:58" level=info msg="CacheKey: aliyun-prod:/api/v1/k8s/resource/pods/abtest-event refresh cache shared: true"
time="2025/07/23 - 14:55:58" level=info msg="CacheKey: aliyun-prod:/api/v1/k8s/resource/pods/abtest-event refresh cache shared: true"
time="2025/07/23 - 14:56:00" level=info msg="get ClusterName: aliyun-prod"
time="2025/07/23 - 14:56:00" level=info msg="kubeCluster CacheKey: aliyun-prod:/api/v1/k8s/resource/pods/abtest-event"
time="2025/07/23 - 14:56:00" level=info msg="CacheKey: aliyun-prod:/api/v1/k8s/resource/pods/abtest-event get cache success"
time="2025/07/23 - 14:56:00" level=info msg="CacheKey: aliyun-prod:/api/v1/k8s/resource/pods/abtest-event waiting refresh cache"
time="2025/07/23 - 14:56:03" level=info msg="get ClusterName: aliyun-prod"
time="2025/07/23 - 14:56:03" level=info msg="kubeCluster CacheKey: aliyun-prod:/api/v1/k8s/resource/pods/abtest-event"
time="2025/07/23 - 14:56:03" level=info msg="CacheKey: aliyun-prod:/api/v1/k8s/resource/pods/abtest-event get cache success"
time="2025/07/23 - 14:56:05" level=info msg="get new data from k8s aliyun-prod:/api/v1/k8s/resource/pods/abtest-event"
time="2025/07/23 - 14:56:06" level=info msg="CacheKey: aliyun-prod:/api/v1/k8s/resource/pods/abtest-event refresh cache success"
time="2025/07/23 - 14:56:06" level=info msg="CacheKey: aliyun-prod:/api/v1/k8s/resource/pods/abtest-event refresh cache shared: true"
time="2025/07/23 - 14:56:06" level=info msg="CacheKey: aliyun-prod:/api/v1/k8s/resource/pods/abtest-event refresh cache shared: true"
time="2025/07/23 - 14:56:06" level=info msg="get ClusterName: aliyun-prod"
time="2025/07/23 - 14:56:06" level=info msg="kubeCluster CacheKey: aliyun-prod:/api/v1/k8s/resource/pods/abtest-event"
time="2025/07/23 - 14:56:06" level=info msg="CacheKey: aliyun-prod:/api/v1/k8s/resource/pods/abtest-event get cache success"
time="2025/07/23 - 14:56:06" level=info msg="CacheKey: aliyun-prod:/api/v1/k8s/resource/pods/abtest-event waiting refresh cache"
time="2025/07/23 - 14:56:11" level=info msg="get new data from k8s aliyun-prod:/api/v1/k8s/resource/pods/abtest-event"
time="2025/07/23 - 14:56:12" level=info msg="CacheKey: aliyun-prod:/api/v1/k8s/resource/pods/abtest-event refresh cache success"
time="2025/07/23 - 14:56:12" level=info msg="CacheKey: aliyun-prod:/api/v1/k8s/resource/pods/abtest-event refresh cache shared: false"
time="2025/07/23 - 14:57:08" level=info msg="get ClusterName: aliyun-prod"
time="2025/07/23 - 14:57:08" level=info msg="kubeCluster CacheKey: aliyun-prod:/api/v1/k8s/resource/roles/kube-system"
time="2025/07/23 - 14:57:08" level=error msg="data is empty or error"
time="2025/07/23 - 14:57:16" level=info msg="get ClusterName: aliyun-prod"
time="2025/07/23 - 14:57:16" level=info msg="kubeCluster CacheKey: aliyun-prod:/api/v1/k8s/resource/roles/kube-system"
time="2025/07/23 - 14:57:16" level=info msg="CacheKey: aliyun-prod:/api/v1/k8s/resource/roles/kube-system get cache success"
time="2025/07/23 - 14:57:16" level=info msg="CacheKey: aliyun-prod:/api/v1/k8s/resource/roles/kube-system waiting refresh cache"
time="2025/07/23 - 14:57:17" level=info msg="get ClusterName: aliyun-prod"
time="2025/07/23 - 14:57:17" level=info msg="kubeCluster CacheKey: aliyun-prod:/api/v1/k8s/resource/roles/kube-system"
time="2025/07/23 - 14:57:17" level=info msg="CacheKey: aliyun-prod:/api/v1/k8s/resource/roles/kube-system get cache success"
time="2025/07/23 - 14:57:18" level=info msg="get ClusterName: aliyun-prod"
time="2025/07/23 - 14:57:18" level=info msg="kubeCluster CacheKey: aliyun-prod:/api/v1/k8s/resource/roles/kube-system"
time="2025/07/23 - 14:57:18" level=info msg="CacheKey: aliyun-prod:/api/v1/k8s/resource/roles/kube-system get cache success"
time="2025/07/23 - 14:57:19" level=info msg="get ClusterName: aliyun-prod"
time="2025/07/23 - 14:57:19" level=info msg="kubeCluster CacheKey: aliyun-prod:/api/v1/k8s/resource/roles/kube-system"
time="2025/07/23 - 14:57:19" level=info msg="CacheKey: aliyun-prod:/api/v1/k8s/resource/roles/kube-system get cache success"
time="2025/07/23 - 14:57:19" level=info msg="get ClusterName: aliyun-prod"
time="2025/07/23 - 14:57:19" level=info msg="kubeCluster CacheKey: aliyun-prod:/api/v1/k8s/resource/roles/kube-system"
time="2025/07/23 - 14:57:19" level=info msg="CacheKey: aliyun-prod:/api/v1/k8s/resource/roles/kube-system get cache success"
time="2025/07/23 - 14:57:20" level=info msg="get ClusterName: aliyun-prod"
time="2025/07/23 - 14:57:20" level=info msg="kubeCluster CacheKey: aliyun-prod:/api/v1/k8s/resource/roles/kube-system"
time="2025/07/23 - 14:57:20" level=info msg="CacheKey: aliyun-prod:/api/v1/k8s/resource/roles/kube-system get cache success"
time="2025/07/23 - 14:57:21" level=info msg="get ClusterName: aliyun-prod"
time="2025/07/23 - 14:57:21" level=info msg="kubeCluster CacheKey: aliyun-prod:/api/v1/k8s/resource/roles/kube-system"
time="2025/07/23 - 14:57:21" level=info msg="CacheKey: aliyun-prod:/api/v1/k8s/resource/roles/kube-system get cache success"
time="2025/07/23 - 14:57:21" level=info msg="get ClusterName: aliyun-prod"
time="2025/07/23 - 14:57:21" level=info msg="kubeCluster CacheKey: aliyun-prod:/api/v1/k8s/resource/roles/kube-system"
time="2025/07/23 - 14:57:21" level=info msg="CacheKey: aliyun-prod:/api/v1/k8s/resource/roles/kube-system get cache success"
time="2025/07/23 - 14:57:21" level=info msg="get new data from k8s aliyun-prod:/api/v1/k8s/resource/roles/kube-system"
time="2025/07/23 - 14:57:21" level=info msg="CacheKey: aliyun-prod:/api/v1/k8s/resource/roles/kube-system refresh cache success"
time="2025/07/23 - 14:57:21" level=info msg="CacheKey: aliyun-prod:/api/v1/k8s/resource/roles/kube-system refresh cache shared: true"
time="2025/07/23 - 14:57:21" level=info msg="CacheKey: aliyun-prod:/api/v1/k8s/resource/roles/kube-system refresh cache shared: true"
time="2025/07/23 - 14:57:21" level=info msg="CacheKey: aliyun-prod:/api/v1/k8s/resource/roles/kube-system refresh cache shared: true"
time="2025/07/23 - 14:57:21" level=info msg="CacheKey: aliyun-prod:/api/v1/k8s/resource/roles/kube-system refresh cache shared: true"
time="2025/07/23 - 14:57:21" level=info msg="CacheKey: aliyun-prod:/api/v1/k8s/resource/roles/kube-system refresh cache shared: true"
time="2025/07/23 - 14:57:21" level=info msg="CacheKey: aliyun-prod:/api/v1/k8s/resource/roles/kube-system refresh cache shared: true"
time="2025/07/23 - 14:57:21" level=info msg="CacheKey: aliyun-prod:/api/v1/k8s/resource/roles/kube-system refresh cache shared: true"
time="2025/07/23 - 14:57:21" level=info msg="CacheKey: aliyun-prod:/api/v1/k8s/resource/roles/kube-system refresh cache shared: true"
time="2025/07/23 - 14:57:22" level=info msg="get ClusterName: aliyun-prod"
time="2025/07/23 - 14:57:22" level=info msg="kubeCluster CacheKey: aliyun-prod:/api/v1/k8s/resource/roles/kube-system"
time="2025/07/23 - 14:57:22" level=info msg="CacheKey: aliyun-prod:/api/v1/k8s/resource/roles/kube-system get cache success"
time="2025/07/23 - 14:57:22" level=info msg="CacheKey: aliyun-prod:/api/v1/k8s/resource/roles/kube-system waiting refresh cache"
time="2025/07/23 - 14:57:23" level=info msg="get ClusterName: aliyun-prod"
time="2025/07/23 - 14:57:23" level=info msg="kubeCluster CacheKey: aliyun-prod:/api/v1/k8s/resource/roles/kube-system"
time="2025/07/23 - 14:57:23" level=info msg="CacheKey: aliyun-prod:/api/v1/k8s/resource/roles/kube-system get cache success"
time="2025/07/23 - 14:57:23" level=info msg="get ClusterName: aliyun-prod"
time="2025/07/23 - 14:57:23" level=info msg="kubeCluster CacheKey: aliyun-prod:/api/v1/k8s/resource/roles/kube-system"
time="2025/07/23 - 14:57:23" level=info msg="CacheKey: aliyun-prod:/api/v1/k8s/resource/roles/kube-system get cache success"
time="2025/07/23 - 14:57:24" level=info msg="get ClusterName: aliyun-prod"
time="2025/07/23 - 14:57:24" level=info msg="kubeCluster CacheKey: aliyun-prod:/api/v1/k8s/resource/roles/kube-system"
time="2025/07/23 - 14:57:24" level=info msg="CacheKey: aliyun-prod:/api/v1/k8s/resource/roles/kube-system get cache success"
time="2025/07/23 - 14:57:25" level=info msg="get ClusterName: aliyun-prod"
time="2025/07/23 - 14:57:25" level=info msg="kubeCluster CacheKey: aliyun-prod:/api/v1/k8s/resource/roles/kube-system"
time="2025/07/23 - 14:57:25" level=info msg="CacheKey: aliyun-prod:/api/v1/k8s/resource/roles/kube-system get cache success"
time="2025/07/23 - 14:57:27" level=info msg="get new data from k8s aliyun-prod:/api/v1/k8s/resource/roles/kube-system"
time="2025/07/23 - 14:57:27" level=info msg="CacheKey: aliyun-prod:/api/v1/k8s/resource/roles/kube-system refresh cache success"
time="2025/07/23 - 14:57:27" level=info msg="CacheKey: aliyun-prod:/api/v1/k8s/resource/roles/kube-system refresh cache shared: true"
time="2025/07/23 - 14:57:27" level=info msg="CacheKey: aliyun-prod:/api/v1/k8s/resource/roles/kube-system refresh cache shared: true"
time="2025/07/23 - 14:57:27" level=info msg="CacheKey: aliyun-prod:/api/v1/k8s/resource/roles/kube-system refresh cache shared: true"
time="2025/07/23 - 14:57:27" level=info msg="CacheKey: aliyun-prod:/api/v1/k8s/resource/roles/kube-system refresh cache shared: true"
time="2025/07/23 - 14:57:27" level=info msg="CacheKey: aliyun-prod:/api/v1/k8s/resource/roles/kube-system refresh cache shared: true"
time="2025/07/23 - 14:57:35" level=info msg="get ClusterName: aliyun-prod"
time="2025/07/23 - 14:57:35" level=info msg="kubeCluster CacheKey: aliyun-prod:/api/v1/k8s/resource/roles/kube-system"
time="2025/07/23 - 14:57:35" level=info msg="CacheKey: aliyun-prod:/api/v1/k8s/resource/roles/kube-system get cache success"
time="2025/07/23 - 14:57:35" level=info msg="CacheKey: aliyun-prod:/api/v1/k8s/resource/roles/kube-system waiting refresh cache"
time="2025/07/23 - 14:57:40" level=info msg="get new data from k8s aliyun-prod:/api/v1/k8s/resource/roles/kube-system"
time="2025/07/23 - 14:57:40" level=info msg="CacheKey: aliyun-prod:/api/v1/k8s/resource/roles/kube-system refresh cache success"
time="2025/07/23 - 14:57:40" level=info msg="CacheKey: aliyun-prod:/api/v1/k8s/resource/roles/kube-system refresh cache shared: false"
time="2025/07/23 - 14:57:52" level=info msg="get ClusterName: aliyun-prod"
time="2025/07/23 - 14:57:52" level=info msg="kubeCluster CacheKey: aliyun-prod:/api/v1/k8s/resource/clusterroles"
time="2025/07/23 - 14:57:52" level=error msg="data is empty or error"
time="2025/07/23 - 15:00:23" level=info msg="get ClusterName: aliyun-prod"
time="2025/07/23 - 15:00:54" level=info msg="get ClusterName: aliyun-prod"
time="2025/07/23 - 15:01:21" level=info msg="get ClusterName: aliyun-prod"
time="2025/07/23 - 15:04:44" level=info msg="Shutdown Server ..."
time="2025/07/23 - 15:04:44" level=info msg="Server exiting"
time="2025/07/23 - 15:04:55" level=debug msg="Logger initialized with TextFormatter."
time="2025/07/23 - 15:04:56" level=info msg="Conflicting values for 'process.env.NODE_ENV'"
time="2025/07/23 - 15:04:56" level=info
time="2025/07/23 - 15:04:56" level=info msg="  App running at:"
time="2025/07/23 - 15:04:56" level=info msg="  - Local:   http://127.0.0.1:8000"
time="2025/07/23 - 15:04:56" level=info msg="  - Network: http://127.0.0.1:8000"
time="2025/07/23 - 15:04:56" level=info
time="2025/07/23 - 15:04:56" level=info msg="  请注意，开发版本尚未优化"
time="2025/07/23 - 15:04:56" level=info msg="  要创建生产环境构建，请运行 go run main.go"
time="2025/07/23 - 15:04:56" level=info
time="2025/07/23 - 15:04:56" level=info msg="API文档地址: http://127.0.0.1:8000/swagger/index.html"
time="2025/07/23 - 15:05:01" level=info msg="get ClusterName: aliyun-prod"
time="2025/07/23 - 15:05:08" level=info msg="get ClusterName: aliyun-prod"
time="2025/07/23 - 15:05:16" level=info msg="get ClusterName: aliyun-prod"
time="2025/07/23 - 15:05:16" level=info msg="kubeCluster CacheKey: aliyun-prod:/api/v1/k8s/resource/pods/abtest-event"
time="2025/07/23 - 15:05:16" level=info msg="CacheKey: aliyun-prod:/api/v1/k8s/resource/pods/abtest-event get cache success"
time="2025/07/23 - 15:05:16" level=info msg="CacheKey: aliyun-prod:/api/v1/k8s/resource/pods/abtest-event waiting refresh cache"
time="2025/07/23 - 15:05:21" level=info msg="get new data from k8s aliyun-prod:/api/v1/k8s/resource/pods/abtest-event"
time="2025/07/23 - 15:05:21" level=info msg="CacheKey: aliyun-prod:/api/v1/k8s/resource/pods/abtest-event refresh cache success"
time="2025/07/23 - 15:05:21" level=info msg="CacheKey: aliyun-prod:/api/v1/k8s/resource/pods/abtest-event refresh cache shared: false"
time="2025/07/23 - 15:06:35" level=info msg="get ClusterName: aliyun-prod"
time="2025/07/23 - 15:06:52" level=info msg="Shutdown Server ..."
time="2025/07/23 - 15:06:52" level=info msg="Server exiting"
time="2025/07/23 - 15:07:35" level=debug msg="Logger initialized with TextFormatter."
time="2025/07/23 - 15:07:37" level=info msg="Conflicting values for 'process.env.NODE_ENV'"
time="2025/07/23 - 15:07:37" level=info
time="2025/07/23 - 15:07:37" level=info msg="  App running at:"
time="2025/07/23 - 15:07:37" level=info msg="  - Local:   http://127.0.0.1:8000"
time="2025/07/23 - 15:07:37" level=info msg="  - Network: http://127.0.0.1:8000"
time="2025/07/23 - 15:07:37" level=info
time="2025/07/23 - 15:07:37" level=info msg="  请注意，开发版本尚未优化"
time="2025/07/23 - 15:07:37" level=info msg="  要创建生产环境构建，请运行 go run main.go"
time="2025/07/23 - 15:07:37" level=info
time="2025/07/23 - 15:07:37" level=info msg="API文档地址: http://127.0.0.1:8000/swagger/index.html"
time="2025/07/23 - 15:12:46" level=info msg="get ClusterName: aliyun-prod"
time="2025/07/23 - 15:12:46" level=info msg="kubeCluster CacheKey: aliyun-prod:/api/v1/k8s/resource/nodes"
time="2025/07/23 - 15:12:47" level=error msg="data is empty or error"
time="2025/07/23 - 15:15:32" level=info msg="get ClusterName: aliyun-prod"
time="2025/07/23 - 15:17:07" level=info msg="Shutdown Server ..."
time="2025/07/23 - 15:17:07" level=info msg="Server exiting"
time="2025/07/23 - 15:17:24" level=debug msg="Logger initialized with TextFormatter."
time="2025/07/23 - 15:17:25" level=info msg="Conflicting values for 'process.env.NODE_ENV'"
time="2025/07/23 - 15:17:25" level=info
time="2025/07/23 - 15:17:25" level=info msg="  App running at:"
time="2025/07/23 - 15:17:25" level=info msg="  - Local:   http://127.0.0.1:8000"
time="2025/07/23 - 15:17:25" level=info msg="  - Network: http://127.0.0.1:8000"
time="2025/07/23 - 15:17:25" level=info
time="2025/07/23 - 15:17:25" level=info msg="  请注意，开发版本尚未优化"
time="2025/07/23 - 15:17:25" level=info msg="  要创建生产环境构建，请运行 go run main.go"
time="2025/07/23 - 15:17:25" level=info
time="2025/07/23 - 15:17:25" level=info msg="API文档地址: http://127.0.0.1:8000/swagger/index.html"
time="2025/07/23 - 15:18:53" level=info msg="Shutdown Server ..."
time="2025/07/23 - 15:18:53" level=info msg="Server exiting"
time="2025/07/23 - 15:19:23" level=debug msg="Logger initialized with TextFormatter."
time="2025/07/23 - 15:19:24" level=info msg="Conflicting values for 'process.env.NODE_ENV'"
time="2025/07/23 - 15:19:24" level=info
time="2025/07/23 - 15:19:24" level=info msg="  App running at:"
time="2025/07/23 - 15:19:24" level=info msg="  - Local:   http://127.0.0.1:8000"
time="2025/07/23 - 15:19:24" level=info msg="  - Network: http://127.0.0.1:8000"
time="2025/07/23 - 15:19:24" level=info
time="2025/07/23 - 15:19:24" level=info msg="  请注意，开发版本尚未优化"
time="2025/07/23 - 15:19:24" level=info msg="  要创建生产环境构建，请运行 go run main.go"
time="2025/07/23 - 15:19:24" level=info
time="2025/07/23 - 15:19:24" level=info msg="API文档地址: http://127.0.0.1:8000/swagger/index.html"
time="2025/07/23 - 16:21:27" level=info msg="Shutdown Server ..."
time="2025/07/23 - 16:21:27" level=info msg="Server exiting"
